Log file open, 02/06/20 18:07:55
LogWindows: Failed to load 'aqProf.dll' (GetLastError=126)
LogWindows: File 'aqProf.dll' does not exist
LogWindows: Failed to load 'VtuneApi.dll' (GetLastError=126)
LogWindows: File 'VtuneApi.dll' does not exist
LogWindows: Failed to load 'VtuneApi32e.dll' (GetLastError=126)
LogWindows: File 'VtuneApi32e.dll' does not exist
LogConsoleResponse: Display: Failed to find resolution value strings in scalability ini. Falling back to default.
LogInit: Display: Running engine for game: FPS_DeniseCantos_2C
LogPakFile: Registered encryption key '00000000000000000000000000000000': 0 pak files mounted, 0 remain pending
LogPlatformFile: Not using cached read wrapper
LogTaskGraph: Started task graph with 5 named threads and 23 total threads with 3 sets of task threads.
LogStats: Stats thread started at 0.282751
LogD3D11RHI: Loaded GFSDK_Aftermath_Lib.x64.dll
LogICUInternationalization: ICU TimeZone Detection - Raw Offset: +1:00, Platform Override: ''
LogPluginManager: Mounting plugin Paper2D
LogPluginManager: Mounting plugin AISupport
LogPluginManager: Mounting plugin LightPropagationVolume
LogPluginManager: Mounting plugin ActorLayerUtilities
LogPluginManager: Mounting plugin AnimationSharing
LogPluginManager: Mounting plugin CLionSourceCodeAccess
LogPluginManager: Mounting plugin CodeLiteSourceCodeAccess
LogPluginManager: Mounting plugin GitSourceControl
LogPluginManager: Mounting plugin KDevelopSourceCodeAccess
LogPluginManager: Mounting plugin NullSourceCodeAccess
LogPluginManager: Mounting plugin PerforceSourceControl
LogPluginManager: Mounting plugin SubversionSourceControl
LogPluginManager: Mounting plugin UObjectPlugin
LogPluginManager: Mounting plugin VisualStudioCodeSourceCodeAccess
LogPluginManager: Mounting plugin VisualStudioSourceCodeAccess
LogPluginManager: Mounting plugin XCodeSourceCodeAccess
LogPluginManager: Mounting plugin AssetManagerEditor
LogPluginManager: Mounting plugin CryptoKeys
LogPluginManager: Mounting plugin DataValidation
LogPluginManager: Mounting plugin FacialAnimation
LogPluginManager: Mounting plugin GameplayTagsEditor
LogPluginManager: Mounting plugin MacGraphicsSwitching
LogPluginManager: Mounting plugin MaterialAnalyzer
LogPluginManager: Mounting plugin MobileLauncherProfileWizard
LogPluginManager: Mounting plugin PluginBrowser
LogPluginManager: Mounting plugin SpeedTreeImporter
LogPluginManager: Mounting plugin DatasmithContent
LogPluginManager: Mounting plugin VariantManagerContent
LogPluginManager: Mounting plugin AlembicImporter
LogPluginManager: Mounting plugin AppleImageUtils
LogPluginManager: Mounting plugin AppleVision
LogPluginManager: Mounting plugin BackChannel
LogPluginManager: Mounting plugin CharacterAI
LogPluginManager: Mounting plugin GeometryCache
LogPluginManager: Mounting plugin HTML5Networking
LogPluginManager: Mounting plugin ProxyLODPlugin
LogPluginManager: Mounting plugin SkeletalReduction
LogPluginManager: Mounting plugin MagicLeap
LogPluginManager: Mounting plugin MagicLeapMedia
LogPluginManager: Mounting plugin AndroidMedia
LogPluginManager: Mounting plugin AvfMedia
LogPluginManager: Mounting plugin ImgMedia
LogPluginManager: Mounting plugin LinearTimecode
LogPluginManager: Mounting plugin MediaCompositing
LogPluginManager: Mounting plugin MediaPlayerEditor
LogPluginManager: Mounting plugin WebMMedia
LogPluginManager: Mounting plugin WmfMedia
LogPluginManager: Mounting plugin TcpMessaging
LogPluginManager: Mounting plugin UdpMessaging
LogPluginManager: Mounting plugin ActorSequence
LogPluginManager: Mounting plugin LevelSequenceEditor
LogPluginManager: Mounting plugin MatineeToLevelSequence
LogPluginManager: Mounting plugin NetcodeUnitTest
LogPluginManager: Mounting plugin NUTUnrealEngine4
LogPluginManager: Mounting plugin OnlineSubsystemGooglePlay
LogPluginManager: Mounting plugin OnlineSubsystemIOS
LogPluginManager: Mounting plugin OnlineSubsystem
LogPluginManager: Mounting plugin OnlineSubsystemNull
LogPluginManager: Mounting plugin OnlineSubsystemUtils
LogPluginManager: Mounting plugin LauncherChunkInstaller
LogPluginManager: Mounting plugin AndroidDeviceProfileSelector
LogPluginManager: Mounting plugin AndroidMoviePlayer
LogPluginManager: Mounting plugin AndroidPermission
LogPluginManager: Mounting plugin AppleMoviePlayer
LogPluginManager: Mounting plugin ArchVisCharacter
LogPluginManager: Mounting plugin AudioCapture
LogPluginManager: Mounting plugin CableComponent
LogPluginManager: Mounting plugin CustomMeshComponent
LogPluginManager: Mounting plugin EditableMesh
LogPluginManager: Mounting plugin ExampleDeviceProfileSelector
LogPluginManager: Mounting plugin Firebase
LogPluginManager: Mounting plugin GoogleCloudMessaging
LogPluginManager: Mounting plugin IOSDeviceProfileSelector
LogPluginManager: Mounting plugin LinuxDeviceProfileSelector
LogPluginManager: Mounting plugin LocationServicesBPLibrary
LogPluginManager: Mounting plugin MobilePatchingUtils
LogPluginManager: Mounting plugin OculusVR
LogPluginManager: Mounting plugin PhysXVehicles
LogPluginManager: Mounting plugin ProceduralMeshComponent
LogPluginManager: Mounting plugin RuntimePhysXCooking
LogPluginManager: Mounting plugin SignificanceManager
LogPluginManager: Mounting plugin SteamVR
LogPluginManager: Mounting plugin WebMMoviePlayer
LogPluginManager: Mounting plugin WindowsMoviePlayer
LogInit: Using libcurl 7.55.1-DEV
LogInit:  - built for x86_64-pc-win32
LogInit:  - supports SSL with OpenSSL/1.1.1
LogInit:  - supports HTTP deflate (compression) using libz 1.2.8
LogInit:  - other features:
LogInit:      CURL_VERSION_SSL
LogInit:      CURL_VERSION_LIBZ
LogInit:      CURL_VERSION_IPV6
LogInit:      CURL_VERSION_ASYNCHDNS
LogInit:      CURL_VERSION_LARGEFILE
LogInit:      CURL_VERSION_IDN
LogInit:  CurlRequestOptions (configurable via config and command line):
LogInit:  - bVerifyPeer = true  - Libcurl will verify peer certificate
LogInit:  - bUseHttpProxy = false  - Libcurl will NOT use HTTP proxy
LogInit:  - bDontReuseConnections = false  - Libcurl will reuse connections
LogInit:  - MaxHostConnections = 16  - Libcurl will limit the number of connections to a host
LogInit:  - LocalHostAddr = Default
LogInit:  - BufferSize = 65536
LogInit: WinSock: version 1.1 (2.2), MaxSocks=32767, MaxUdp=65467
LogInit: Build: ++UE4+Release-4.22-CL-7053642
LogInit: Engine Version: 4.22.3-7053642+++UE4+Release-4.22
LogInit: Compatible Engine Version: 4.22.0-5660361+++UE4+Release-4.22
LogInit: Net CL: 5660361
LogInit: OS: Windows 10 (Release 1903) (), CPU: Intel(R) Xeon(R) CPU E3-1231 v3 @ 3.40GHz, GPU: NVIDIA Quadro K620
LogInit: Compiled (64-bit): Jun 18 2019 03:09:11
LogInit: Compiled with Visual C++: 19.16.27025.01
LogInit: Build Configuration: Development
LogInit: Branch Name: ++UE4+Release-4.22
LogInit: Command Line:  -EpicPortal -epicusername=bzCyz1517 -epicuserid=5f54c57c2f814df4b7b74f87d90d276e -epiclocale=es-ES
LogInit: Base Directory: C:/Program Files/Epic Games/UE_4.22/Engine/Binaries/Win64/
LogInit: Installed Engine Build: 1
LogDevObjectVersion: Number of dev versions registered: 23
LogDevObjectVersion:   Dev-Blueprints (B0D832E4-1F89-4F0D-ACCF-7EB736FD4AA2): 10
LogDevObjectVersion:   Dev-Build (E1C64328-A22C-4D53-A36C-8E866417BD8C): 0
LogDevObjectVersion:   Dev-Core (375EC13C-06E4-48FB-B500-84F0262A717E): 3
LogDevObjectVersion:   Dev-Editor (E4B068ED-F494-42E9-A231-DA0B2E46BB41): 30
LogDevObjectVersion:   Dev-Framework (CFFC743F-43B0-4480-9391-14DF171D2073): 35
LogDevObjectVersion:   Dev-Mobile (B02B49B5-BB20-44E9-A304-32B752E40360): 2
LogDevObjectVersion:   Dev-Networking (A4E4105C-59A1-49B5-A7C5-40C4547EDFEE): 0
LogDevObjectVersion:   Dev-Online (39C831C9-5AE6-47DC-9A44-9C173E1C8E7C): 0
LogDevObjectVersion:   Dev-Physics (78F01B33-EBEA-4F98-B9B4-84EACCB95AA2): 0
LogDevObjectVersion:   Dev-Platform (6631380F-2D4D-43E0-8009-CF276956A95A): 0
LogDevObjectVersion:   Dev-Rendering (12F88B9F-8875-4AFC-A67C-D90C383ABD29): 28
LogDevObjectVersion:   Dev-Sequencer (7B5AE74C-D270-4C10-A958-57980B212A5A): 11
LogDevObjectVersion:   Dev-VR (D7296918-1DD6-4BDD-9DE2-64A83CC13884): 2
LogDevObjectVersion:   Dev-LoadTimes (C2A15278-BFE7-4AFE-6C17-90FF531DF755): 1
LogDevObjectVersion:   Private-Geometry (6EACA3D4-40EC-4CC1-B786-8BED09428FC5): 3
LogDevObjectVersion:   Dev-AnimPhys (29E575DD-E0A3-4627-9D10-D276232CDCEA): 17
LogDevObjectVersion:   Dev-Anim (AF43A65D-7FD3-4947-9873-3E8ED9C1BB05): 2
LogDevObjectVersion:   Dev-ReflectionCapture (6B266CEC-1EC7-4B8F-A30B-E4D90942FC07): 1
LogDevObjectVersion:   Dev-Automation (0DF73D61-A23F-47EA-B727-89E90C41499A): 1
LogDevObjectVersion:   FortniteMain (601D1886-AC64-4F84-AA16-D3DE0DEAC7D6): 25
LogDevObjectVersion:   Dev-Enterprise (9DFFBCD6-494F-0158-E221-12823C92A888): 6
LogDevObjectVersion:   Dev-Niagara (F2AED0AC-9AFE-416F-8664-AA7FFA26D6FC): 1
LogDevObjectVersion:   Dev-Destruction (174F1F0B-B4C6-45A5-B13F-2EE8D0FB917D): 2
LogInit: Presizing for max 16777216 objects, including 0 objects not considered by GC, pre-allocating 0 bytes for permanent pool.
LogInit: Object subsystem initialized
LogConfig: Setting CVar [[con.DebugEarlyDefault:1]]
LogConfig: Setting CVar [[r.setres:1280x720]]
[2020.02.06-17.07.55:942][  0]LogConfig: Setting CVar [[r.VSync:0]]
[2020.02.06-17.07.55:942][  0]LogConfig: Setting CVar [[r.RHICmdBypass:0]]
[2020.02.06-17.07.55:942][  0]LogConfig: Applying CVar settings from Section [/Script/Engine.RendererSettings] File [C:/Users/Alumno/Desktop/Nueva carpeta/FPS_DeniseCantos_2C/FPS_DeniseCantos_2C/Saved/Config/Windows/Engine.ini]
[2020.02.06-17.07.55:942][  0]LogConfig: Setting CVar [[r.GPUCrashDebugging:0]]
[2020.02.06-17.07.55:942][  0]LogConfig: Applying CVar settings from Section [/Script/Engine.RendererOverrideSettings] File [C:/Users/Alumno/Desktop/Nueva carpeta/FPS_DeniseCantos_2C/FPS_DeniseCantos_2C/Saved/Config/Windows/Engine.ini]
[2020.02.06-17.07.55:942][  0]LogConfig: Applying CVar settings from Section [/Script/Engine.StreamingSettings] File [C:/Users/Alumno/Desktop/Nueva carpeta/FPS_DeniseCantos_2C/FPS_DeniseCantos_2C/Saved/Config/Windows/Engine.ini]
[2020.02.06-17.07.55:942][  0]LogConfig: Setting CVar [[s.MinBulkDataSizeForAsyncLoading:131072]]
[2020.02.06-17.07.55:942][  0]LogConfig: Setting CVar [[s.AsyncLoadingThreadEnabled:0]]
[2020.02.06-17.07.55:942][  0]LogConfig: Setting CVar [[s.EventDrivenLoaderEnabled:1]]
[2020.02.06-17.07.55:942][  0]LogConfig: Setting CVar [[s.WarnIfTimeLimitExceeded:0]]
[2020.02.06-17.07.55:942][  0]LogConfig: Setting CVar [[s.TimeLimitExceededMultiplier:1.5]]
[2020.02.06-17.07.55:942][  0]LogConfig: Setting CVar [[s.TimeLimitExceededMinTime:0.005]]
[2020.02.06-17.07.55:942][  0]LogConfig: Setting CVar [[s.UseBackgroundLevelStreaming:1]]
[2020.02.06-17.07.55:942][  0]LogConfig: Setting CVar [[s.PriorityAsyncLoadingExtraTime:15.0]]
[2020.02.06-17.07.55:942][  0]LogConfig: Setting CVar [[s.LevelStreamingActorsUpdateTimeLimit:5.0]]
[2020.02.06-17.07.55:942][  0]LogConfig: Setting CVar [[s.PriorityLevelStreamingActorsUpdateExtraTime:5.0]]
[2020.02.06-17.07.55:942][  0]LogConfig: Setting CVar [[s.LevelStreamingComponentsRegistrationGranularity:10]]
[2020.02.06-17.07.55:942][  0]LogConfig: Setting CVar [[s.UnregisterComponentsTimeLimit:1.0]]
[2020.02.06-17.07.55:942][  0]LogConfig: Setting CVar [[s.LevelStreamingComponentsUnregistrationGranularity:5]]
[2020.02.06-17.07.55:942][  0]LogConfig: Applying CVar settings from Section [/Script/Engine.GarbageCollectionSettings] File [C:/Users/Alumno/Desktop/Nueva carpeta/FPS_DeniseCantos_2C/FPS_DeniseCantos_2C/Saved/Config/Windows/Engine.ini]
[2020.02.06-17.07.55:942][  0]LogConfig: Setting CVar [[gc.MaxObjectsNotConsideredByGC:1]]
[2020.02.06-17.07.55:942][  0]LogConfig: Setting CVar [[gc.SizeOfPermanentObjectPool:0]]
[2020.02.06-17.07.55:942][  0]LogConfig: Setting CVar [[gc.FlushStreamingOnGC:0]]
[2020.02.06-17.07.55:942][  0]LogConfig: Setting CVar [[gc.NumRetriesBeforeForcingGC:10]]
[2020.02.06-17.07.55:942][  0]LogConfig: Setting CVar [[gc.AllowParallelGC:1]]
[2020.02.06-17.07.55:942][  0]LogConfig: Setting CVar [[gc.TimeBetweenPurgingPendingKillObjects:61.1]]
[2020.02.06-17.07.55:942][  0]LogConfig: Setting CVar [[gc.MaxObjectsInEditor:16777216]]
[2020.02.06-17.07.55:942][  0]LogConfig: Setting CVar [[gc.IncrementalBeginDestroyEnabled:1]]
[2020.02.06-17.07.55:942][  0]LogConfig: Setting CVar [[gc.CreateGCClusters:1]]
[2020.02.06-17.07.55:942][  0]LogConfig: Setting CVar [[gc.MinGCClusterSize:5]]
[2020.02.06-17.07.55:942][  0]LogConfig: Setting CVar [[gc.ActorClusteringEnabled:0]]
[2020.02.06-17.07.55:942][  0]LogConfig: Setting CVar [[gc.BlueprintClusteringEnabled:0]]
[2020.02.06-17.07.55:942][  0]LogConfig: Setting CVar [[gc.UseDisregardForGCOnDedicatedServers:0]]
[2020.02.06-17.07.55:942][  0]LogConfig: Applying CVar settings from Section [/Script/Engine.NetworkSettings] File [C:/Users/Alumno/Desktop/Nueva carpeta/FPS_DeniseCantos_2C/FPS_DeniseCantos_2C/Saved/Config/Windows/Engine.ini]
[2020.02.06-17.07.55:942][  0]LogConfig: Applying CVar settings from Section [/Script/UnrealEd.CookerSettings] File [C:/Users/Alumno/Desktop/Nueva carpeta/FPS_DeniseCantos_2C/FPS_DeniseCantos_2C/Saved/Config/Windows/Engine.ini]
[2020.02.06-17.07.55:946][  0]LogConfig: Applying CVar settings from Section [ViewDistanceQuality@3] File [C:/Users/Alumno/Desktop/Nueva carpeta/FPS_DeniseCantos_2C/FPS_DeniseCantos_2C/Saved/Config/Windows/Scalability.ini]
[2020.02.06-17.07.55:946][  0]LogConfig: Setting CVar [[r.SkeletalMeshLODBias:0]]
[2020.02.06-17.07.55:946][  0]LogConfig: Setting CVar [[r.ViewDistanceScale:1.0]]
[2020.02.06-17.07.55:946][  0]LogConfig: Applying CVar settings from Section [AntiAliasingQuality@3] File [C:/Users/Alumno/Desktop/Nueva carpeta/FPS_DeniseCantos_2C/FPS_DeniseCantos_2C/Saved/Config/Windows/Scalability.ini]
[2020.02.06-17.07.55:946][  0]LogConfig: Setting CVar [[r.PostProcessAAQuality:4]]
[2020.02.06-17.07.55:946][  0]LogConfig: Applying CVar settings from Section [ShadowQuality@3] File [C:/Users/Alumno/Desktop/Nueva carpeta/FPS_DeniseCantos_2C/FPS_DeniseCantos_2C/Saved/Config/Windows/Scalability.ini]
[2020.02.06-17.07.55:946][  0]LogConfig: Setting CVar [[r.LightFunctionQuality:1]]
[2020.02.06-17.07.55:946][  0]LogConfig: Setting CVar [[r.ShadowQuality:5]]
[2020.02.06-17.07.55:946][  0]LogConfig: Setting CVar [[r.Shadow.CSM.MaxCascades:10]]
[2020.02.06-17.07.55:946][  0]LogConfig: Setting CVar [[r.Shadow.MaxResolution:2048]]
[2020.02.06-17.07.55:946][  0]LogConfig: Setting CVar [[r.Shadow.MaxCSMResolution:2048]]
[2020.02.06-17.07.55:946][  0]LogConfig: Setting CVar [[r.Shadow.RadiusThreshold:0.01]]
[2020.02.06-17.07.55:946][  0]LogConfig: Setting CVar [[r.Shadow.DistanceScale:1.0]]
[2020.02.06-17.07.55:946][  0]LogConfig: Setting CVar [[r.Shadow.CSM.TransitionScale:1.0]]
[2020.02.06-17.07.55:946][  0]LogConfig: Setting CVar [[r.Shadow.PreShadowResolutionFactor:1.0]]
[2020.02.06-17.07.55:946][  0]LogConfig: Setting CVar [[r.DistanceFieldShadowing:1]]
[2020.02.06-17.07.55:946][  0]LogConfig: Setting CVar [[r.DistanceFieldAO:1]]
[2020.02.06-17.07.55:946][  0]LogConfig: Setting CVar [[r.AOQuality:2]]
[2020.02.06-17.07.55:946][  0]LogConfig: Setting CVar [[r.VolumetricFog:1]]
[2020.02.06-17.07.55:946][  0]LogConfig: Setting CVar [[r.VolumetricFog.GridPixelSize:8]]
[2020.02.06-17.07.55:946][  0]LogConfig: Setting CVar [[r.VolumetricFog.GridSizeZ:128]]
[2020.02.06-17.07.55:946][  0]LogConfig: Setting CVar [[r.VolumetricFog.HistoryMissSupersampleCount:4]]
[2020.02.06-17.07.55:947][  0]LogConfig: Setting CVar [[r.LightMaxDrawDistanceScale:1]]
[2020.02.06-17.07.55:947][  0]LogConfig: Setting CVar [[r.CapsuleShadows:1]]
[2020.02.06-17.07.55:947][  0]LogConfig: Applying CVar settings from Section [PostProcessQuality@3] File [C:/Users/Alumno/Desktop/Nueva carpeta/FPS_DeniseCantos_2C/FPS_DeniseCantos_2C/Saved/Config/Windows/Scalability.ini]
[2020.02.06-17.07.55:947][  0]LogConfig: Setting CVar [[r.MotionBlurQuality:4]]
[2020.02.06-17.07.55:947][  0]LogConfig: Setting CVar [[r.AmbientOcclusionMipLevelFactor:0.4]]
[2020.02.06-17.07.55:947][  0]LogConfig: Setting CVar [[r.AmbientOcclusionMaxQuality:100]]
[2020.02.06-17.07.55:947][  0]LogConfig: Setting CVar [[r.AmbientOcclusionLevels:-1]]
[2020.02.06-17.07.55:947][  0]LogConfig: Setting CVar [[r.AmbientOcclusionRadiusScale:1.0]]
[2020.02.06-17.07.55:947][  0]LogConfig: Setting CVar [[r.DepthOfFieldQuality:2]]
[2020.02.06-17.07.55:947][  0]LogConfig: Setting CVar [[r.RenderTargetPoolMin:400]]
[2020.02.06-17.07.55:947][  0]LogConfig: Setting CVar [[r.LensFlareQuality:2]]
[2020.02.06-17.07.55:947][  0]LogConfig: Setting CVar [[r.SceneColorFringeQuality:1]]
[2020.02.06-17.07.55:947][  0]LogConfig: Setting CVar [[r.EyeAdaptationQuality:2]]
[2020.02.06-17.07.55:947][  0]LogConfig: Setting CVar [[r.BloomQuality:5]]
[2020.02.06-17.07.55:947][  0]LogConfig: Setting CVar [[r.FastBlurThreshold:100]]
[2020.02.06-17.07.55:947][  0]LogConfig: Setting CVar [[r.Upscale.Quality:3]]
[2020.02.06-17.07.55:947][  0]LogConfig: Setting CVar [[r.Tonemapper.GrainQuantization:1]]
[2020.02.06-17.07.55:947][  0]LogConfig: Setting CVar [[r.LightShaftQuality:1]]
[2020.02.06-17.07.55:947][  0]LogConfig: Setting CVar [[r.Filter.SizeScale:1]]
[2020.02.06-17.07.55:947][  0]LogConfig: Setting CVar [[r.Tonemapper.Quality:5]]
[2020.02.06-17.07.55:947][  0]LogConfig: Setting CVar [[r.DOF.Gather.AccumulatorQuality:1        ; higher gathering accumulator quality]]
[2020.02.06-17.07.55:947][  0]LogConfig: Setting CVar [[r.DOF.Gather.PostfilterMethod:1          ; Median3x3 postfilering method]]
[2020.02.06-17.07.55:947][  0]LogConfig: Setting CVar [[r.DOF.Gather.EnableBokehSettings:0       ; no bokeh simulation when gathering]]
[2020.02.06-17.07.55:947][  0]LogConfig: Setting CVar [[r.DOF.Gather.RingCount:4                 ; medium number of samples when gathering]]
[2020.02.06-17.07.55:947][  0]LogConfig: Setting CVar [[r.DOF.Scatter.ForegroundCompositing:1    ; additive foreground scattering]]
[2020.02.06-17.07.55:947][  0]LogConfig: Setting CVar [[r.DOF.Scatter.BackgroundCompositing:2    ; additive background scattering]]
[2020.02.06-17.07.55:947][  0]LogConfig: Setting CVar [[r.DOF.Scatter.EnableBokehSettings:1      ; bokeh simulation when scattering]]
[2020.02.06-17.07.55:947][  0]LogConfig: Setting CVar [[r.DOF.Scatter.MaxSpriteRatio:0.1         ; only a maximum of 10% of scattered bokeh]]
[2020.02.06-17.07.55:947][  0]LogConfig: Setting CVar [[r.DOF.Recombine.Quality:1                ; cheap slight out of focus]]
[2020.02.06-17.07.55:947][  0]LogConfig: Setting CVar [[r.DOF.Recombine.EnableBokehSettings:0    ; no bokeh simulation on slight out of focus]]
[2020.02.06-17.07.55:947][  0]LogConfig: Setting CVar [[r.DOF.TemporalAAQuality:1                ; more stable temporal accumulation]]
[2020.02.06-17.07.55:947][  0]LogConfig: Setting CVar [[r.DOF.Kernel.MaxForegroundRadius:0.025]]
[2020.02.06-17.07.55:947][  0]LogConfig: Setting CVar [[r.DOF.Kernel.MaxBackgroundRadius:0.025]]
[2020.02.06-17.07.55:947][  0]LogConfig: Applying CVar settings from Section [TextureQuality@3] File [C:/Users/Alumno/Desktop/Nueva carpeta/FPS_DeniseCantos_2C/FPS_DeniseCantos_2C/Saved/Config/Windows/Scalability.ini]
[2020.02.06-17.07.55:947][  0]LogConfig: Setting CVar [[r.Streaming.MipBias:0]]
[2020.02.06-17.07.55:947][  0]LogConfig: Setting CVar [[r.Streaming.AmortizeCPUToGPUCopy:0]]
[2020.02.06-17.07.55:947][  0]LogConfig: Setting CVar [[r.Streaming.MaxNumTexturesToStreamPerFrame:0]]
[2020.02.06-17.07.55:947][  0]LogConfig: Setting CVar [[r.Streaming.Boost:1]]
[2020.02.06-17.07.55:947][  0]LogConfig: Setting CVar [[r.MaxAnisotropy:8]]
[2020.02.06-17.07.55:947][  0]LogConfig: Setting CVar [[r.Streaming.LimitPoolSizeToVRAM:0]]
[2020.02.06-17.07.55:947][  0]LogConfig: Setting CVar [[r.Streaming.PoolSize:1000]]
[2020.02.06-17.07.55:947][  0]LogConfig: Setting CVar [[r.Streaming.MaxEffectiveScreenSize:0]]
[2020.02.06-17.07.55:947][  0]LogConfig: Applying CVar settings from Section [EffectsQuality@3] File [C:/Users/Alumno/Desktop/Nueva carpeta/FPS_DeniseCantos_2C/FPS_DeniseCantos_2C/Saved/Config/Windows/Scalability.ini]
[2020.02.06-17.07.55:947][  0]LogConfig: Setting CVar [[r.TranslucencyLightingVolumeDim:64]]
[2020.02.06-17.07.55:947][  0]LogConfig: Setting CVar [[r.RefractionQuality:2]]
[2020.02.06-17.07.55:947][  0]LogConfig: Setting CVar [[r.SSR.Quality:3]]
[2020.02.06-17.07.55:947][  0]LogConfig: Setting CVar [[r.SceneColorFormat:4]]
[2020.02.06-17.07.55:947][  0]LogConfig: Setting CVar [[r.DetailMode:2]]
[2020.02.06-17.07.55:947][  0]LogConfig: Setting CVar [[r.TranslucencyVolumeBlur:1]]
[2020.02.06-17.07.55:947][  0]LogConfig: Setting CVar [[r.MaterialQualityLevel:1 ; High quality]]
[2020.02.06-17.07.55:947][  0]LogConfig: Setting CVar [[r.SSS.Scale:1]]
[2020.02.06-17.07.55:947][  0]LogConfig: Setting CVar [[r.SSS.SampleSet:2]]
[2020.02.06-17.07.55:947][  0]LogConfig: Setting CVar [[r.SSS.Quality:1]]
[2020.02.06-17.07.55:947][  0]LogConfig: Setting CVar [[r.SSS.HalfRes:1]]
[2020.02.06-17.07.55:947][  0]LogConfig: Setting CVar [[r.EmitterSpawnRateScale:1.0]]
[2020.02.06-17.07.55:947][  0]LogConfig: Setting CVar [[r.ParticleLightQuality:2]]
[2020.02.06-17.07.55:947][  0]LogConfig: Applying CVar settings from Section [FoliageQuality@3] File [C:/Users/Alumno/Desktop/Nueva carpeta/FPS_DeniseCantos_2C/FPS_DeniseCantos_2C/Saved/Config/Windows/Scalability.ini]
[2020.02.06-17.07.55:947][  0]LogConfig: Setting CVar [[foliage.DensityScale:1.0]]
[2020.02.06-17.07.55:947][  0]LogConfig: Setting CVar [[grass.DensityScale:1.0]]
[2020.02.06-17.07.55:947][  0]LogInit: Selected Device Profile: [Windows]
[2020.02.06-17.07.55:947][  0]LogInit: Applying CVar settings loaded from the selected device profile: [Windows]
[2020.02.06-17.07.55:968][  0]LogHAL: Display: Platform has ~ 16 GB [17111859200 / 17179869184 / 16], which maps to Larger [LargestMinGB=32, LargerMinGB=12, DefaultMinGB=8, SmallerMinGB=6, SmallestMinGB=0)
[2020.02.06-17.07.55:968][  0]LogConfig: Setting CVar [[r.Vulkan.UseRealUBs:0		; Required until we fix HLR fall-out]]
[2020.02.06-17.07.55:968][  0]LogInit: Going up to parent DeviceProfile []
[2020.02.06-17.07.55:968][  0]LogConfig: Applying CVar settings from Section [ViewDistanceQuality@3] File [C:/Users/Alumno/Desktop/Nueva carpeta/FPS_DeniseCantos_2C/FPS_DeniseCantos_2C/Saved/Config/Windows/Scalability.ini]
[2020.02.06-17.07.55:968][  0]LogConfig: Setting CVar [[r.SkeletalMeshLODBias:0]]
[2020.02.06-17.07.55:968][  0]LogConfig: Setting CVar [[r.ViewDistanceScale:1.0]]
[2020.02.06-17.07.55:968][  0]LogConfig: Applying CVar settings from Section [AntiAliasingQuality@3] File [C:/Users/Alumno/Desktop/Nueva carpeta/FPS_DeniseCantos_2C/FPS_DeniseCantos_2C/Saved/Config/Windows/Scalability.ini]
[2020.02.06-17.07.55:968][  0]LogConfig: Setting CVar [[r.PostProcessAAQuality:4]]
[2020.02.06-17.07.55:968][  0]LogConfig: Applying CVar settings from Section [ShadowQuality@3] File [C:/Users/Alumno/Desktop/Nueva carpeta/FPS_DeniseCantos_2C/FPS_DeniseCantos_2C/Saved/Config/Windows/Scalability.ini]
[2020.02.06-17.07.55:968][  0]LogConfig: Setting CVar [[r.LightFunctionQuality:1]]
[2020.02.06-17.07.55:968][  0]LogConfig: Setting CVar [[r.ShadowQuality:5]]
[2020.02.06-17.07.55:968][  0]LogConfig: Setting CVar [[r.Shadow.CSM.MaxCascades:10]]
[2020.02.06-17.07.55:968][  0]LogConfig: Setting CVar [[r.Shadow.MaxResolution:2048]]
[2020.02.06-17.07.55:968][  0]LogConfig: Setting CVar [[r.Shadow.MaxCSMResolution:2048]]
[2020.02.06-17.07.55:968][  0]LogConfig: Setting CVar [[r.Shadow.RadiusThreshold:0.01]]
[2020.02.06-17.07.55:968][  0]LogConfig: Setting CVar [[r.Shadow.DistanceScale:1.0]]
[2020.02.06-17.07.55:968][  0]LogConfig: Setting CVar [[r.Shadow.CSM.TransitionScale:1.0]]
[2020.02.06-17.07.55:968][  0]LogConfig: Setting CVar [[r.Shadow.PreShadowResolutionFactor:1.0]]
[2020.02.06-17.07.55:968][  0]LogConfig: Setting CVar [[r.DistanceFieldShadowing:1]]
[2020.02.06-17.07.55:968][  0]LogConfig: Setting CVar [[r.DistanceFieldAO:1]]
[2020.02.06-17.07.55:968][  0]LogConfig: Setting CVar [[r.AOQuality:2]]
[2020.02.06-17.07.55:968][  0]LogConfig: Setting CVar [[r.VolumetricFog:1]]
[2020.02.06-17.07.55:968][  0]LogConfig: Setting CVar [[r.VolumetricFog.GridPixelSize:8]]
[2020.02.06-17.07.55:968][  0]LogConfig: Setting CVar [[r.VolumetricFog.GridSizeZ:128]]
[2020.02.06-17.07.55:968][  0]LogConfig: Setting CVar [[r.VolumetricFog.HistoryMissSupersampleCount:4]]
[2020.02.06-17.07.55:968][  0]LogConfig: Setting CVar [[r.LightMaxDrawDistanceScale:1]]
[2020.02.06-17.07.55:968][  0]LogConfig: Setting CVar [[r.CapsuleShadows:1]]
[2020.02.06-17.07.55:968][  0]LogConfig: Applying CVar settings from Section [PostProcessQuality@3] File [C:/Users/Alumno/Desktop/Nueva carpeta/FPS_DeniseCantos_2C/FPS_DeniseCantos_2C/Saved/Config/Windows/Scalability.ini]
[2020.02.06-17.07.55:968][  0]LogConfig: Setting CVar [[r.MotionBlurQuality:4]]
[2020.02.06-17.07.55:968][  0]LogConfig: Setting CVar [[r.AmbientOcclusionMipLevelFactor:0.4]]
[2020.02.06-17.07.55:968][  0]LogConfig: Setting CVar [[r.AmbientOcclusionMaxQuality:100]]
[2020.02.06-17.07.55:968][  0]LogConfig: Setting CVar [[r.AmbientOcclusionLevels:-1]]
[2020.02.06-17.07.55:968][  0]LogConfig: Setting CVar [[r.AmbientOcclusionRadiusScale:1.0]]
[2020.02.06-17.07.55:968][  0]LogConfig: Setting CVar [[r.DepthOfFieldQuality:2]]
[2020.02.06-17.07.55:968][  0]LogConfig: Setting CVar [[r.RenderTargetPoolMin:400]]
[2020.02.06-17.07.55:969][  0]LogConfig: Setting CVar [[r.LensFlareQuality:2]]
[2020.02.06-17.07.55:969][  0]LogConfig: Setting CVar [[r.SceneColorFringeQuality:1]]
[2020.02.06-17.07.55:969][  0]LogConfig: Setting CVar [[r.EyeAdaptationQuality:2]]
[2020.02.06-17.07.55:969][  0]LogConfig: Setting CVar [[r.BloomQuality:5]]
[2020.02.06-17.07.55:969][  0]LogConfig: Setting CVar [[r.FastBlurThreshold:100]]
[2020.02.06-17.07.55:969][  0]LogConfig: Setting CVar [[r.Upscale.Quality:3]]
[2020.02.06-17.07.55:969][  0]LogConfig: Setting CVar [[r.Tonemapper.GrainQuantization:1]]
[2020.02.06-17.07.55:969][  0]LogConfig: Setting CVar [[r.LightShaftQuality:1]]
[2020.02.06-17.07.55:969][  0]LogConfig: Setting CVar [[r.Filter.SizeScale:1]]
[2020.02.06-17.07.55:969][  0]LogConfig: Setting CVar [[r.Tonemapper.Quality:5]]
[2020.02.06-17.07.55:969][  0]LogConfig: Setting CVar [[r.DOF.Gather.AccumulatorQuality:1        ; higher gathering accumulator quality]]
[2020.02.06-17.07.55:969][  0]LogConfig: Setting CVar [[r.DOF.Gather.PostfilterMethod:1          ; Median3x3 postfilering method]]
[2020.02.06-17.07.55:969][  0]LogConfig: Setting CVar [[r.DOF.Gather.EnableBokehSettings:0       ; no bokeh simulation when gathering]]
[2020.02.06-17.07.55:969][  0]LogConfig: Setting CVar [[r.DOF.Gather.RingCount:4                 ; medium number of samples when gathering]]
[2020.02.06-17.07.55:969][  0]LogConfig: Setting CVar [[r.DOF.Scatter.ForegroundCompositing:1    ; additive foreground scattering]]
[2020.02.06-17.07.55:969][  0]LogConfig: Setting CVar [[r.DOF.Scatter.BackgroundCompositing:2    ; additive background scattering]]
[2020.02.06-17.07.55:969][  0]LogConfig: Setting CVar [[r.DOF.Scatter.EnableBokehSettings:1      ; bokeh simulation when scattering]]
[2020.02.06-17.07.55:969][  0]LogConfig: Setting CVar [[r.DOF.Scatter.MaxSpriteRatio:0.1         ; only a maximum of 10% of scattered bokeh]]
[2020.02.06-17.07.55:969][  0]LogConfig: Setting CVar [[r.DOF.Recombine.Quality:1                ; cheap slight out of focus]]
[2020.02.06-17.07.55:969][  0]LogConfig: Setting CVar [[r.DOF.Recombine.EnableBokehSettings:0    ; no bokeh simulation on slight out of focus]]
[2020.02.06-17.07.55:969][  0]LogConfig: Setting CVar [[r.DOF.TemporalAAQuality:1                ; more stable temporal accumulation]]
[2020.02.06-17.07.55:969][  0]LogConfig: Setting CVar [[r.DOF.Kernel.MaxForegroundRadius:0.025]]
[2020.02.06-17.07.55:969][  0]LogConfig: Setting CVar [[r.DOF.Kernel.MaxBackgroundRadius:0.025]]
[2020.02.06-17.07.55:969][  0]LogConfig: Applying CVar settings from Section [TextureQuality@3] File [C:/Users/Alumno/Desktop/Nueva carpeta/FPS_DeniseCantos_2C/FPS_DeniseCantos_2C/Saved/Config/Windows/Scalability.ini]
[2020.02.06-17.07.55:969][  0]LogConfig: Setting CVar [[r.Streaming.MipBias:0]]
[2020.02.06-17.07.55:969][  0]LogConfig: Setting CVar [[r.Streaming.AmortizeCPUToGPUCopy:0]]
[2020.02.06-17.07.55:969][  0]LogConfig: Setting CVar [[r.Streaming.MaxNumTexturesToStreamPerFrame:0]]
[2020.02.06-17.07.55:969][  0]LogConfig: Setting CVar [[r.Streaming.Boost:1]]
[2020.02.06-17.07.55:969][  0]LogConfig: Setting CVar [[r.MaxAnisotropy:8]]
[2020.02.06-17.07.55:969][  0]LogConfig: Setting CVar [[r.Streaming.LimitPoolSizeToVRAM:0]]
[2020.02.06-17.07.55:969][  0]LogConfig: Setting CVar [[r.Streaming.PoolSize:1000]]
[2020.02.06-17.07.55:969][  0]LogConfig: Setting CVar [[r.Streaming.MaxEffectiveScreenSize:0]]
[2020.02.06-17.07.55:969][  0]LogConfig: Applying CVar settings from Section [EffectsQuality@3] File [C:/Users/Alumno/Desktop/Nueva carpeta/FPS_DeniseCantos_2C/FPS_DeniseCantos_2C/Saved/Config/Windows/Scalability.ini]
[2020.02.06-17.07.55:969][  0]LogConfig: Setting CVar [[r.TranslucencyLightingVolumeDim:64]]
[2020.02.06-17.07.55:969][  0]LogConfig: Setting CVar [[r.RefractionQuality:2]]
[2020.02.06-17.07.55:969][  0]LogConfig: Setting CVar [[r.SSR.Quality:3]]
[2020.02.06-17.07.55:969][  0]LogConfig: Setting CVar [[r.SceneColorFormat:4]]
[2020.02.06-17.07.55:969][  0]LogConfig: Setting CVar [[r.DetailMode:2]]
[2020.02.06-17.07.55:969][  0]LogConfig: Setting CVar [[r.TranslucencyVolumeBlur:1]]
[2020.02.06-17.07.55:969][  0]LogConfig: Setting CVar [[r.MaterialQualityLevel:1 ; High quality]]
[2020.02.06-17.07.55:969][  0]LogConfig: Setting CVar [[r.SSS.Scale:1]]
[2020.02.06-17.07.55:969][  0]LogConfig: Setting CVar [[r.SSS.SampleSet:2]]
[2020.02.06-17.07.55:969][  0]LogConfig: Setting CVar [[r.SSS.Quality:1]]
[2020.02.06-17.07.55:969][  0]LogConfig: Setting CVar [[r.SSS.HalfRes:1]]
[2020.02.06-17.07.55:969][  0]LogConfig: Setting CVar [[r.EmitterSpawnRateScale:1.0]]
[2020.02.06-17.07.55:969][  0]LogConfig: Setting CVar [[r.ParticleLightQuality:2]]
[2020.02.06-17.07.55:969][  0]LogConfig: Applying CVar settings from Section [FoliageQuality@3] File [C:/Users/Alumno/Desktop/Nueva carpeta/FPS_DeniseCantos_2C/FPS_DeniseCantos_2C/Saved/Config/Windows/Scalability.ini]
[2020.02.06-17.07.55:969][  0]LogConfig: Setting CVar [[foliage.DensityScale:1.0]]
[2020.02.06-17.07.55:969][  0]LogConfig: Setting CVar [[grass.DensityScale:1.0]]
[2020.02.06-17.07.55:969][  0]LogConfig: Applying CVar settings from Section [Startup] File [../../../Engine/Config/ConsoleVariables.ini]
[2020.02.06-17.07.55:969][  0]LogConfig: Setting CVar [[net.UseAdaptiveNetUpdateFrequency:0]]
[2020.02.06-17.07.55:969][  0]LogConfig: Setting CVar [[p.chaos.AllowCreatePhysxBodies:1]]
[2020.02.06-17.07.55:969][  0]LogConfig: Applying CVar settings from Section [ConsoleVariables] File [C:/Users/Alumno/Desktop/Nueva carpeta/FPS_DeniseCantos_2C/FPS_DeniseCantos_2C/Saved/Config/Windows/Engine.ini]
[2020.02.06-17.07.55:969][  0]LogInit: Computer: A101PC20
[2020.02.06-17.07.55:970][  0]LogInit: User: Alumno
[2020.02.06-17.07.55:970][  0]LogInit: CPU Page size=4096, Cores=4
[2020.02.06-17.07.55:970][  0]LogInit: High frequency timer resolution =10.000000 MHz
[2020.02.06-17.07.55:970][  0]LogMemory: Memory total: Physical=15.9GB (16GB approx)
[2020.02.06-17.07.55:970][  0]LogMemory: Platform Memory Stats for Windows
[2020.02.06-17.07.55:970][  0]LogMemory: Process Physical Memory: 96.52 MB used, 96.52 MB peak
[2020.02.06-17.07.55:970][  0]LogMemory: Process Virtual Memory: 90.34 MB used, 90.34 MB peak
[2020.02.06-17.07.55:970][  0]LogMemory: Physical Memory: 7386.21 MB used,  8932.93 MB free, 16319.14 MB total
[2020.02.06-17.07.55:970][  0]LogMemory: Virtual Memory: 4643.77 MB used,  134213088.00 MB free, 134217728.00 MB total
[2020.02.06-17.07.55:983][  0]LogInit: Overriding language with editor language configuration option (en).
[2020.02.06-17.07.55:983][  0]LogInit: Overriding locale with editor culture configuration option ().
[2020.02.06-17.07.55:983][  0]LogInit: Using OS detected locale (es-ES).
[2020.02.06-17.07.56:189][  0]LogInit: Setting process to per monitor DPI aware
[2020.02.06-17.07.56:214][  0]LogSlate: New Slate User Created.  User Index 0, Is Virtual User: 0
[2020.02.06-17.07.56:214][  0]LogSlate: Slate User Registered.  User Index 0, Is Virtual User: 0
[2020.02.06-17.07.56:372][  0]LogHMD: Failed to initialize OpenVR with code 110
[2020.02.06-17.07.56:372][  0]LogD3D11RHI: D3D11 adapters:
[2020.02.06-17.07.56:433][  0]LogD3D11RHI:    0. 'NVIDIA Quadro K620' (Feature Level 11_0)
[2020.02.06-17.07.56:433][  0]LogD3D11RHI:       2007/0/8159 MB DedicatedVideo/DedicatedSystem/SharedSystem, Outputs:1, VendorId:0x10de
[2020.02.06-17.07.56:435][  0]LogD3D11RHI:    1. 'Microsoft Basic Render Driver' (Feature Level 11_0)
[2020.02.06-17.07.56:435][  0]LogD3D11RHI:       0/0/8159 MB DedicatedVideo/DedicatedSystem/SharedSystem, Outputs:0, VendorId:0x1414
[2020.02.06-17.07.56:435][  0]LogD3D11RHI: Chosen D3D11 Adapter: 0
[2020.02.06-17.07.56:443][  0]LogD3D11RHI: Creating new Direct3DDevice
[2020.02.06-17.07.56:443][  0]LogD3D11RHI:     GPU DeviceId: 0x13bb (for the marketing name, search the web for "GPU Device Id")
[2020.02.06-17.07.56:443][  0]LogWindows: EnumDisplayDevices:
[2020.02.06-17.07.56:443][  0]LogWindows:    0. 'NVIDIA Quadro K620' (P:1 D:1)
[2020.02.06-17.07.56:443][  0]LogWindows:    1. 'NVIDIA Quadro K620' (P:0 D:0)
[2020.02.06-17.07.56:443][  0]LogWindows:    2. 'NVIDIA Quadro K620' (P:0 D:0)
[2020.02.06-17.07.56:443][  0]LogWindows:    3. 'NVIDIA Quadro K620' (P:0 D:0)
[2020.02.06-17.07.56:444][  0]LogWindows: DebugString: FoundDriverCount:4 
[2020.02.06-17.07.56:444][  0]LogD3D11RHI:     Adapter Name: NVIDIA Quadro K620
[2020.02.06-17.07.56:444][  0]LogD3D11RHI:   Driver Version: 440.97 (internal:26.21.14.4097, unified:440.97)
[2020.02.06-17.07.56:444][  0]LogD3D11RHI:      Driver Date: 10-16-2019
[2020.02.06-17.07.56:444][  0]LogRHI: Texture pool is 1405 MB (70% of 2007 MB)
[2020.02.06-17.07.56:490][  0]LogD3D11RHI: Async texture creation enabled
[2020.02.06-17.07.56:496][  0]LogRendererCore: FGlobalReadBuffer::InitRHI
[2020.02.06-17.07.56:496][  0]LogRendererCore: FGlobalReadBuffer::InitRHI
[2020.02.06-17.07.56:496][  0]LogRendererCore: FGlobalReadBuffer::InitRHI
[2020.02.06-17.07.56:505][  0]LogD3D11RHI: GPU Timing Frequency: 1000.000000 (Debug: 2 1)
[2020.02.06-17.07.56:901][  0]LogTemp: Display: Module 'AllDesktopTargetPlatform' loaded TargetPlatform 'AllDesktop'
[2020.02.06-17.07.56:915][  0]LogTemp: Display: Module 'MacClientTargetPlatform' loaded TargetPlatform 'MacClient'
[2020.02.06-17.07.56:928][  0]LogTemp: Display: Module 'MacNoEditorTargetPlatform' loaded TargetPlatform 'MacNoEditor'
[2020.02.06-17.07.56:942][  0]LogTemp: Display: Module 'MacServerTargetPlatform' loaded TargetPlatform 'MacServer'
[2020.02.06-17.07.56:957][  0]LogTemp: Display: Module 'MacTargetPlatform' loaded TargetPlatform 'Mac'
[2020.02.06-17.07.56:971][  0]LogTemp: Display: Module 'WindowsClientTargetPlatform' loaded TargetPlatform 'WindowsClient'
[2020.02.06-17.07.56:986][  0]LogTemp: Display: Module 'WindowsNoEditorTargetPlatform' loaded TargetPlatform 'WindowsNoEditor'
[2020.02.06-17.07.57:000][  0]LogTemp: Display: Module 'WindowsServerTargetPlatform' loaded TargetPlatform 'WindowsServer'
[2020.02.06-17.07.57:008][  0]LogTemp: Display: Module 'WindowsTargetPlatform' loaded TargetPlatform 'Windows'
[2020.02.06-17.07.57:117][  0]LogTemp: Display: Module 'AndroidTargetPlatform' loaded TargetPlatform 'Android'
[2020.02.06-17.07.57:117][  0]LogTemp: Display: Module 'AndroidTargetPlatform' loaded TargetPlatform 'Android_ASTC'
[2020.02.06-17.07.57:117][  0]LogTemp: Display: Module 'AndroidTargetPlatform' loaded TargetPlatform 'Android_ATC'
[2020.02.06-17.07.57:117][  0]LogTemp: Display: Module 'AndroidTargetPlatform' loaded TargetPlatform 'Android_DXT'
[2020.02.06-17.07.57:117][  0]LogTemp: Display: Module 'AndroidTargetPlatform' loaded TargetPlatform 'Android_ETC1'
[2020.02.06-17.07.57:117][  0]LogTemp: Display: Module 'AndroidTargetPlatform' loaded TargetPlatform 'Android_ETC1a'
[2020.02.06-17.07.57:117][  0]LogTemp: Display: Module 'AndroidTargetPlatform' loaded TargetPlatform 'Android_ETC2'
[2020.02.06-17.07.57:117][  0]LogTemp: Display: Module 'AndroidTargetPlatform' loaded TargetPlatform 'Android_PVRTC'
[2020.02.06-17.07.57:117][  0]LogTemp: Display: Module 'AndroidTargetPlatform' loaded TargetPlatform 'AndroidClient'
[2020.02.06-17.07.57:117][  0]LogTemp: Display: Module 'AndroidTargetPlatform' loaded TargetPlatform 'Android_ASTCClient'
[2020.02.06-17.07.57:117][  0]LogTemp: Display: Module 'AndroidTargetPlatform' loaded TargetPlatform 'Android_ATCClient'
[2020.02.06-17.07.57:117][  0]LogTemp: Display: Module 'AndroidTargetPlatform' loaded TargetPlatform 'Android_DXTClient'
[2020.02.06-17.07.57:117][  0]LogTemp: Display: Module 'AndroidTargetPlatform' loaded TargetPlatform 'Android_ETC1Client'
[2020.02.06-17.07.57:117][  0]LogTemp: Display: Module 'AndroidTargetPlatform' loaded TargetPlatform 'Android_ETC1aClient'
[2020.02.06-17.07.57:117][  0]LogTemp: Display: Module 'AndroidTargetPlatform' loaded TargetPlatform 'Android_ETC2Client'
[2020.02.06-17.07.57:117][  0]LogTemp: Display: Module 'AndroidTargetPlatform' loaded TargetPlatform 'Android_PVRTCClient'
[2020.02.06-17.07.57:117][  0]LogTemp: Display: Module 'AndroidTargetPlatform' loaded TargetPlatform 'Android_Multi'
[2020.02.06-17.07.57:117][  0]LogTemp: Display: Module 'AndroidTargetPlatform' loaded TargetPlatform 'Android_MultiClient'
[2020.02.06-17.07.57:119][  0]LogTemp: Display: Module 'HTML5TargetPlatform' loaded TargetPlatform 'HTML5'
[2020.02.06-17.07.57:185][  0]LogTemp: Display: Module 'IOSTargetPlatform' loaded TargetPlatform 'IOSClient'
[2020.02.06-17.07.57:185][  0]LogTemp: Display: Module 'IOSTargetPlatform' loaded TargetPlatform 'IOS'
[2020.02.06-17.07.57:217][  0]LogTemp: Display: Module 'TVOSTargetPlatform' loaded TargetPlatform 'TVOSClient'
[2020.02.06-17.07.57:217][  0]LogTemp: Display: Module 'TVOSTargetPlatform' loaded TargetPlatform 'TVOS'
[2020.02.06-17.07.57:229][  0]LogTemp: Display: Module 'LinuxClientTargetPlatform' loaded TargetPlatform 'LinuxClient'
[2020.02.06-17.07.57:242][  0]LogTemp: Display: Module 'LinuxNoEditorTargetPlatform' loaded TargetPlatform 'LinuxNoEditor'
[2020.02.06-17.07.57:254][  0]LogTemp: Display: Module 'LinuxServerTargetPlatform' loaded TargetPlatform 'LinuxServer'
[2020.02.06-17.07.57:267][  0]LogTemp: Display: Module 'LinuxTargetPlatform' loaded TargetPlatform 'Linux'
[2020.02.06-17.07.57:316][  0]LogTemp: Display: Module 'LuminTargetPlatform' loaded TargetPlatform 'Lumin'
[2020.02.06-17.07.57:316][  0]LogTemp: Display: Module 'LuminTargetPlatform' loaded TargetPlatform 'LuminClient'
[2020.02.06-17.07.57:316][  0]LogTargetPlatformManager: Display: Building Assets For Windows
[2020.02.06-17.07.57:325][  0]LogAudioDebug: Display: Lib vorbis DLL was dynamically loaded.
[2020.02.06-17.07.57:370][  0]LogShaderCompilers: Guid format shader working directory is -45 characters bigger than the processId version (../../../../../../Users/Alumno/Desktop/Nueva carpeta/FPS_DeniseCantos_2C/FPS_DeniseCantos_2C/Intermediate/Shaders/WorkingDirectory/2192/).
[2020.02.06-17.07.57:370][  0]LogShaderCompilers: Cleaned the shader compiler working directory 'C:/Users/Alumno/AppData/Local/Temp/UnrealShaderWorkingDir/98E00EF641849E76FFCF75850E458D86/'.
[2020.02.06-17.07.57:373][  0]LogXGEController: Cannot use XGE Controller as Incredibuild is not installed on this machine.
[2020.02.06-17.07.57:373][  0]LogShaderCompilers: Cannot use XGE Shader Compiler as Incredibuild is not installed on this machine.
[2020.02.06-17.07.57:373][  0]LogShaderCompilers: Display: Using Local Shader Compiler.
[2020.02.06-17.07.57:960][  0]LogDerivedDataCache: Display: Max Cache Size: 512 MB
[2020.02.06-17.07.58:030][  0]LogDerivedDataCache: Loaded boot cache 0.07s 71MB C:/Users/Alumno/AppData/Local/UnrealEngine/4.22/DerivedDataCache/Boot.ddc.
[2020.02.06-17.07.58:030][  0]LogDerivedDataCache: Display: Loaded Boot cache: C:/Users/Alumno/AppData/Local/UnrealEngine/4.22/DerivedDataCache/Boot.ddc
[2020.02.06-17.07.58:030][  0]LogDerivedDataCache: FDerivedDataBackendGraph:  Pak pak cache file ../../../../../../Users/Alumno/Desktop/Nueva carpeta/FPS_DeniseCantos_2C/FPS_DeniseCantos_2C/DerivedDataCache/DDC.ddp not found, will not use a pak cache.
[2020.02.06-17.07.58:030][  0]LogDerivedDataCache: Unable to find inner node Pak for hierarchical cache Hierarchy.
[2020.02.06-17.07.58:030][  0]LogDerivedDataCache: FDerivedDataBackendGraph:  CompressedPak pak cache file ../../../../../../Users/Alumno/Desktop/Nueva carpeta/FPS_DeniseCantos_2C/FPS_DeniseCantos_2C/DerivedDataCache/Compressed.ddp not found, will not use a pak cache.
[2020.02.06-17.07.58:030][  0]LogDerivedDataCache: Unable to find inner node CompressedPak for hierarchical cache Hierarchy.
[2020.02.06-17.07.58:043][  0]LogDerivedDataCache: Display: Pak cache opened for reading ../../../Engine/DerivedDataCache/Compressed.ddp.
[2020.02.06-17.07.58:043][  0]LogDerivedDataCache: FDerivedDataBackendGraph:  EnterprisePak pak cache file ../../../Enterprise/DerivedDataCache/Compressed.ddp not found, will not use a pak cache.
[2020.02.06-17.07.58:043][  0]LogDerivedDataCache: Unable to find inner node EnterprisePak for hierarchical cache Hierarchy.
[2020.02.06-17.07.58:055][  0]LogDerivedDataCache: Using Local data cache path C:/Users/Alumno/AppData/Local/UnrealEngine/Common/DerivedDataCache: Writable
[2020.02.06-17.07.58:055][  0]LogDerivedDataCache: Shared data cache path not found in *engine.ini, will not use an Shared cache.
[2020.02.06-17.07.58:055][  0]LogDerivedDataCache: Unable to find inner node Shared for hierarchical cache Hierarchy.
[2020.02.06-17.07.58:078][  0]LogMaterial: Verifying Global Shaders for PCD3D_SM5
[2020.02.06-17.07.58:079][  0]LogSlate: Using FreeType 2.6.0
[2020.02.06-17.07.58:079][  0]LogSlate: SlateFontServices - WITH_FREETYPE: 1, WITH_HARFBUZZ: 1
[2020.02.06-17.07.58:161][  0]LogAssetRegistry: FAssetRegistry took 0.0335 seconds to start up
[2020.02.06-17.07.58:557][  0]LogInit: Selected Device Profile: [Windows]
[2020.02.06-17.07.58:692][  0]LogMeshReduction: Using QuadricMeshReduction for automatic static mesh reduction
[2020.02.06-17.07.58:692][  0]LogMeshReduction: Using SimplygonMeshReduction for automatic skeletal mesh reduction
[2020.02.06-17.07.58:692][  0]LogMeshReduction: Using ProxyLODMeshReduction for automatic mesh merging
[2020.02.06-17.07.58:692][  0]LogMeshReduction: No distributed automatic mesh merging module available
[2020.02.06-17.07.58:692][  0]LogMeshMerging: No distributed automatic mesh merging module available
[2020.02.06-17.07.58:702][  0]LogNetVersion: FPS_DeniseCantos_2C 1.0.0, NetCL: 5660361, EngineNetVer: 10, GameNetVer: 0 (Checksum: 2701746867)
[2020.02.06-17.07.59:169][  0]LogPackageLocalizationCache: Processed 10 localized package path(s) for 1 prioritized culture(s) in 0.051335 seconds
[2020.02.06-17.07.59:178][  0]LogUObjectArray: 42205 objects as part of root set at end of initial load.
[2020.02.06-17.07.59:178][  0]LogUObjectAllocator: 7325032 out of 0 bytes used by permanent object pool.
[2020.02.06-17.07.59:178][  0]LogUObjectArray: CloseDisregardForGC: 0/0 objects in disregard for GC pool
[2020.02.06-17.08.00:274][  0]LogTcpMessaging: Initializing TcpMessaging bridge
[2020.02.06-17.08.00:288][  0]LogUdpMessaging: Initializing bridge on interface 0.0.0.0:0 to multicast group 230.0.0.1:6666.
[2020.02.06-17.08.00:393][  0]SourceControl: Source control is disabled
[2020.02.06-17.08.00:393][  0]SourceControl: Source control is disabled
[2020.02.06-17.08.00:394][  0]SourceControl: Source control is disabled
[2020.02.06-17.08.00:395][  0]SourceControl: Source control is disabled
[2020.02.06-17.08.00:463][  0]LogAndroidPermission: UAndroidPermissionCallbackProxy::GetInstance
[2020.02.06-17.08.00:526][  0]LogOcInput: OculusInput pre-init called
[2020.02.06-17.08.01:184][  0]LogEngine: Initializing Engine...
[2020.02.06-17.08.01:185][  0]LogHMD: Failed to initialize OpenVR with code 110
[2020.02.06-17.08.01:189][  0]LogStats: UGameplayTagsManager::InitializeManager -  0.000 s
[2020.02.06-17.08.01:422][  0]LogInit: Initializing FReadOnlyCVARCache
[2020.02.06-17.08.01:445][  0]LogAIModule: Creating AISystem for world Untitled
[2020.02.06-17.08.01:455][  0]LogInit: XAudio2 using 'Realtek Digital Output (Realtek High Definition Audio)' : 2 channels at 48 kHz using 16 bits per sample (channel mask 0x3)
[2020.02.06-17.08.01:475][  0]LogInit: FAudioDevice initialized.
[2020.02.06-17.08.01:475][  0]LogNetVersion: Set ProjectVersion to 1.0.0.0. Version Checksum will be recalculated on next use.
[2020.02.06-17.08.03:483][  0]LogDerivedDataCache: Saved boot cache 2.01s 71MB C:/Users/Alumno/AppData/Local/UnrealEngine/4.22/DerivedDataCache/Boot.ddc.
[2020.02.06-17.08.03:497][  0]LogInit: Texture streaming: Enabled
[2020.02.06-17.08.03:521][  0]LogEngineSessionManager: EngineSessionManager initialized
[2020.02.06-17.08.03:691][  0]LogInit: Transaction tracking system initialized
[2020.02.06-17.08.03:724][  0]BlueprintLog: New page: Editor Load
[2020.02.06-17.08.03:816][  0]LocalizationService: Localization service is disabled
[2020.02.06-17.08.05:149][  0]LogFileCache: Scanning file cache for directory 'C:/Users/Alumno/Desktop/Nueva carpeta/FPS_DeniseCantos_2C/FPS_DeniseCantos_2C/Content/' took 0.34s
[2020.02.06-17.08.05:149][  0]LogCook: Display: Max memory allowance for cook 16384mb min free memory 0mb
[2020.02.06-17.08.05:150][  0]LogCook: Display: Mobile HDR setting 1
[2020.02.06-17.08.05:338][  0]SourceControl: Source control is disabled
[2020.02.06-17.08.05:338][  0]LightingResults: New page: Lighting Build
[2020.02.06-17.08.05:341][  0]MapCheck: New page: Map Check
[2020.02.06-17.08.05:341][  0]LightingResults: New page: Lighting Build
[2020.02.06-17.08.05:364][  0]LogUObjectHash: Compacting FUObjectHashTables data took   1.87ms
[2020.02.06-17.08.10:356][  0]LogTexture: Display: Building textures: Soldier_Body_specular (AutoDXT, 1024X1024)
[2020.02.06-17.08.10:357][  0]LogTexture: Display: Building textures: Soldier_Body_diffuse (AutoDXT, 2048X2048)
[2020.02.06-17.08.10:357][  0]LogTexture: Display: Building textures: Soldier_Body_normal (BC5, 2048X2048)
[2020.02.06-17.08.10:357][  0]LogTexture: Display: Building textures: Soldier_head_diffuse (AutoDXT, 2048X2048)
[2020.02.06-17.08.14:234][  0]LogTexture: Display: Building textures: Soldier_head_normal (BC5, 2048X2048)
[2020.02.06-17.08.14:234][  0]LogTexture: Display: Building textures: Soldier_head_specular (AutoDXT, 1024X1024)
[2020.02.06-17.08.14:895][  0]LogMaterial: Display: Missing cached shader map for material Soldier_head6, compiling. 
[2020.02.06-17.08.18:540][  0]LogShaderCompilers: Display: Shaders left to compile 60
[2020.02.06-17.08.18:540][  0]LogShaderCompilers: Display: Shaders left to compile 50
[2020.02.06-17.08.18:540][  0]LogShaderCompilers: Display: Shaders left to compile 40
[2020.02.06-17.08.18:540][  0]LogShaderCompilers: Display: Shaders left to compile 30
[2020.02.06-17.08.18:540][  0]LogShaderCompilers: Display: Shaders left to compile 20
[2020.02.06-17.08.18:540][  0]LogMaterial: Display: Missing cached shader map for material Soldier_body1, compiling. 
[2020.02.06-17.08.19:290][  0]LogSkeletalMesh: Building Skeletal Mesh Swat...
[2020.02.06-17.08.21:097][  0]LogSkeletalMesh: Built Skeletal Mesh [2.24s] /Game/ThirdPersonBP/Models/Swat/Mesh/Swat.Swat
[2020.02.06-17.08.30:505][  0]LogAIModule: Creating AISystem for world ThirdPersonExampleMap
[2020.02.06-17.08.41:955][  0]LogEditorServer: Finished looking for orphan Actors (0.000 secs)
[2020.02.06-17.08.41:988][  0]LogUObjectHash: Compacting FUObjectHashTables data took   2.95ms
[2020.02.06-17.08.41:988][  0]Cmd: MAP CHECKDEP NOCLEARLOG
[2020.02.06-17.08.41:988][  0]MapCheck: Map check complete: 0 Error(s), 0 Warning(s), took 0,135ms to complete.
[2020.02.06-17.08.41:988][  0]LogFileHelpers: Loading map 'ThirdPersonExampleMap' took 36.651
[2020.02.06-17.09.39:492][  0]LogSlate: Updating window title bar state: overlay mode, drag disabled, window buttons hidden, title bar hidden
[2020.02.06-17.09.41:993][  0]LogSlate: Updating window title bar state: overlay mode, drag disabled, window buttons hidden, title bar hidden
[2020.02.06-17.09.42:001][  0]LogSlate: Updating window title bar state: overlay mode, drag disabled, window buttons hidden, title bar hidden
[2020.02.06-17.09.42:008][  0]LogSlate: Updating window title bar state: overlay mode, drag disabled, window buttons hidden, title bar hidden
[2020.02.06-17.09.48:354][  0]LogCollectionManager: Loaded 0 collections in 0.002619 seconds
[2020.02.06-17.09.59:310][  0]LogFileCache: Scanning file cache for directory 'C:/Users/Alumno/Desktop/Nueva carpeta/FPS_DeniseCantos_2C/FPS_DeniseCantos_2C/Saved/Collections/' took 0.01s
[2020.02.06-17.09.59:310][  0]LogFileCache: Scanning file cache for directory 'C:/Users/Alumno/Desktop/Nueva carpeta/FPS_DeniseCantos_2C/FPS_DeniseCantos_2C/Content/Developers/Alumno/Collections/' took 0.00s
[2020.02.06-17.09.59:310][  0]LogFileCache: Scanning file cache for directory 'C:/Users/Alumno/Desktop/Nueva carpeta/FPS_DeniseCantos_2C/FPS_DeniseCantos_2C/Content/Collections/' took 0.01s
[2020.02.06-17.09.59:310][  0]LogCollectionManager: Rebuilt the GUID cache for 0 collections in 0.000000 seconds
[2020.02.06-17.09.59:636][  0]LogContentBrowser: Native class hierarchy populated in 0.0142 seconds. Added 2732 classes and 659 folders.
[2020.02.06-17.10.00:076][  0]LogContentBrowser: Native class hierarchy updated for 'WidgetCarousel' in 0.0003 seconds. Added 0 classes and 0 folders.
[2020.02.06-17.10.03:612][  0]LogPakFile: Registered encryption key '00000000000000000000000000000000': 0 pak files mounted, 0 remain pending
[2020.02.06-17.10.04:903][  0]LogPakFile: Registered encryption key '00000000000000000000000000000000': 0 pak files mounted, 0 remain pending
[2020.02.06-17.10.05:986][  0]LogPakFile: Registered encryption key '00000000000000000000000000000000': 0 pak files mounted, 0 remain pending
[2020.02.06-17.10.06:390][  0]LogPakFile: Registered encryption key '00000000000000000000000000000000': 0 pak files mounted, 0 remain pending
[2020.02.06-17.10.07:508][  0]LogPakFile: Registered encryption key '00000000000000000000000000000000': 0 pak files mounted, 0 remain pending
[2020.02.06-17.10.08:329][  0]LogPakFile: Registered encryption key '00000000000000000000000000000000': 0 pak files mounted, 0 remain pending
[2020.02.06-17.10.08:950][  0]LogPakFile: Registered encryption key '00000000000000000000000000000000': 0 pak files mounted, 0 remain pending
[2020.02.06-17.10.10:771][  0]LogPakFile: Registered encryption key '00000000000000000000000000000000': 0 pak files mounted, 0 remain pending
[2020.02.06-17.10.11:810][  0]LogPakFile: Registered encryption key '00000000000000000000000000000000': 0 pak files mounted, 0 remain pending
[2020.02.06-17.10.12:136][  0]LogPakFile: Registered encryption key '00000000000000000000000000000000': 0 pak files mounted, 0 remain pending
[2020.02.06-17.10.12:289][  0]LogPakFile: Registered encryption key '00000000000000000000000000000000': 0 pak files mounted, 0 remain pending
[2020.02.06-17.10.12:465][  0]LogPakFile: Registered encryption key '00000000000000000000000000000000': 0 pak files mounted, 0 remain pending
[2020.02.06-17.10.12:531][  0]LogPakFile: Registered encryption key '00000000000000000000000000000000': 0 pak files mounted, 0 remain pending
[2020.02.06-17.10.12:651][  0]LogPakFile: Registered encryption key '00000000000000000000000000000000': 0 pak files mounted, 0 remain pending
[2020.02.06-17.10.12:716][  0]LogPakFile: Registered encryption key '00000000000000000000000000000000': 0 pak files mounted, 0 remain pending
[2020.02.06-17.10.12:871][  0]LogPakFile: Registered encryption key '00000000000000000000000000000000': 0 pak files mounted, 0 remain pending
[2020.02.06-17.10.13:008][  0]LogPakFile: Registered encryption key '00000000000000000000000000000000': 0 pak files mounted, 0 remain pending
[2020.02.06-17.10.13:049][  0]LogPakFile: Registered encryption key '00000000000000000000000000000000': 0 pak files mounted, 0 remain pending
[2020.02.06-17.10.13:106][  0]LogPakFile: Registered encryption key '00000000000000000000000000000000': 0 pak files mounted, 0 remain pending
[2020.02.06-17.10.13:129][  0]LogPakFile: Registered encryption key '00000000000000000000000000000000': 0 pak files mounted, 0 remain pending
[2020.02.06-17.10.13:145][  0]LogPakFile: Registered encryption key '00000000000000000000000000000000': 0 pak files mounted, 0 remain pending
[2020.02.06-17.10.13:256][  0]LogPakFile: Registered encryption key '00000000000000000000000000000000': 0 pak files mounted, 0 remain pending
[2020.02.06-17.10.13:281][  0]LogPakFile: Registered encryption key '00000000000000000000000000000000': 0 pak files mounted, 0 remain pending
[2020.02.06-17.10.13:302][  0]LogPakFile: Registered encryption key '00000000000000000000000000000000': 0 pak files mounted, 0 remain pending
[2020.02.06-17.10.13:321][  0]LogPakFile: Registered encryption key '00000000000000000000000000000000': 0 pak files mounted, 0 remain pending
[2020.02.06-17.10.13:358][  0]LogPakFile: Registered encryption key '00000000000000000000000000000000': 0 pak files mounted, 0 remain pending
[2020.02.06-17.10.15:751][  0]LogShaderCompilers: Display: Shaders left to compile 70
[2020.02.06-17.10.15:751][  0]LogContentBrowser: Native class hierarchy updated for 'AddContentDialog' in 0.0005 seconds. Added 0 classes and 0 folders.
[2020.02.06-17.10.15:913][  0]LogShaderCompilers: Display: Shaders left to compile 60
[2020.02.06-17.10.15:913][  0]LogContentBrowser: Native class hierarchy updated for 'SceneOutliner' in 0.0006 seconds. Added 1 classes and 2 folders.
[2020.02.06-17.10.27:020][  0]LogShaderCompilers: Display: Shaders left to compile 50
[2020.02.06-17.10.27:020][  0]LogShaderCompilers: Display: Shaders left to compile 40
[2020.02.06-17.10.27:020][  0]LogShaderCompilers: Display: Shaders left to compile 30
[2020.02.06-17.10.27:020][  0]LogShaderCompilers: Display: Shaders left to compile 20
[2020.02.06-17.10.27:020][  0]LogShaderCompilers: Display: Shaders left to compile 10
[2020.02.06-17.10.27:020][  0]LogSlate: Took 0.000169 seconds to synchronously load lazily loaded font '../../../Engine/Content/Slate/Fonts/Roboto-Regular.ttf' (155K)
[2020.02.06-17.10.27:040][  0]LogSlate: Took 0.000144 seconds to synchronously load lazily loaded font '../../../Engine/Content/Slate/Fonts/Roboto-Bold.ttf' (160K)
[2020.02.06-17.10.27:673][  0]LogSlate: Took 0.031225 seconds to synchronously load lazily loaded font '../../../Engine/Content/Editor/Slate/Fonts/FontAwesome.ttf' (139K)
[2020.02.06-17.10.29:027][  0]LogRenderer: Reallocating scene render targets to support 980x572 Format 10 NumSamples 1 (Frame:1).
[2020.02.06-17.10.29:992][  0]LogContentBrowser: Native class hierarchy updated for 'HierarchicalLODOutliner' in 0.0002 seconds. Added 0 classes and 0 folders.
[2020.02.06-17.10.29:992][  0]LogLoad: (Engine Initialization) Total time: 155.80 seconds
[2020.02.06-17.10.29:992][  0]LogLoad: (Engine Initialization) Total Blueprint compile time: 0.00 seconds
[2020.02.06-17.10.30:454][  0]LogAssetRegistry: Asset discovery search completed in 152.3154 seconds
[2020.02.06-17.10.30:456][  0]LogCollectionManager: Rebuilt the object cache for 0 collections in 0.000000 seconds (found 0 objects)
[2020.02.06-17.10.30:456][  0]LogCollectionManager: Fixed up redirectors for 0 collections in 0.000048 seconds (updated 0 objects)
[2020.02.06-17.10.30:547][  0]LogContentStreaming: Texture pool size now 1000 MB
[2020.02.06-17.10.30:736][  0]LogSlate: Took 0.014235 seconds to synchronously load lazily loaded font '../../../Engine/Content/Slate/Fonts/Roboto-Light.ttf' (167K)
[2020.02.06-17.10.40:963][201]LogSlate: FSceneViewport::OnFocusLost() reason 0
[2020.02.06-17.10.41:590][201]LogAnimationCompression: Building Anim DDC data for AnimSequence /Game/ThirdPersonBP/Models/Swat/Animation/run_backward_inPlace.run_backward_inPlace
[2020.02.06-17.10.41:600][201]LogAnimationCompression: Recompressing (AnimSequence /Game/ThirdPersonBP/Models/Swat/Animation/run_backward_inPlace.run_backward_inPlace) using current/default (AnimCompress_BitwiseCompressOnly_0) bFirstRecompressUsingCurrentOrDefault(1) bTryAlternateCompressor(0) IsCompressedDataValid(0)
[2020.02.06-17.10.41:684][201]LogAnimationCompression: Building Anim DDC data for AnimSequence /Game/ThirdPersonBP/Models/Swat/Animation/idle_aiming.idle_aiming
[2020.02.06-17.10.41:684][201]LogAnimationCompression: Recompressing (AnimSequence /Game/ThirdPersonBP/Models/Swat/Animation/idle_aiming.idle_aiming) using current/default (AnimCompress_BitwiseCompressOnly_0) bFirstRecompressUsingCurrentOrDefault(1) bTryAlternateCompressor(0) IsCompressedDataValid(0)
[2020.02.06-17.10.41:686][201]LogAnimationCompression: Building Anim DDC data for AnimSequence /Game/ThirdPersonBP/Models/Swat/Animation/run_forward_inPlace.run_forward_inPlace
[2020.02.06-17.10.41:686][201]LogAnimationCompression: Recompressing (AnimSequence /Game/ThirdPersonBP/Models/Swat/Animation/run_forward_inPlace.run_forward_inPlace) using current/default (AnimCompress_BitwiseCompressOnly_0) bFirstRecompressUsingCurrentOrDefault(1) bTryAlternateCompressor(0) IsCompressedDataValid(0)
[2020.02.06-17.10.41:767][201]LogAnimationCompression: Building Anim DDC data for AnimSequence /Game/ThirdPersonBP/Models/Swat/Animation/run_left_inPlace.run_left_inPlace
[2020.02.06-17.10.41:767][201]LogAnimationCompression: Recompressing (AnimSequence /Game/ThirdPersonBP/Models/Swat/Animation/run_left_inPlace.run_left_inPlace) using current/default (AnimCompress_BitwiseCompressOnly_0) bFirstRecompressUsingCurrentOrDefault(1) bTryAlternateCompressor(0) IsCompressedDataValid(0)
[2020.02.06-17.10.41:839][201]LogAnimationCompression: Building Anim DDC data for AnimSequence /Game/ThirdPersonBP/Models/Swat/Animation/walk_right_inPlace.walk_right_inPlace
[2020.02.06-17.10.41:839][201]LogAnimationCompression: Recompressing (AnimSequence /Game/ThirdPersonBP/Models/Swat/Animation/walk_right_inPlace.walk_right_inPlace) using current/default (AnimCompress_BitwiseCompressOnly_0) bFirstRecompressUsingCurrentOrDefault(1) bTryAlternateCompressor(0) IsCompressedDataValid(0)
[2020.02.06-17.10.41:898][201]LogAnimationCompression: Building Anim DDC data for AnimSequence /Game/ThirdPersonBP/Models/Swat/Animation/walk_left_inPlace.walk_left_inPlace
[2020.02.06-17.10.41:898][201]LogAnimationCompression: Recompressing (AnimSequence /Game/ThirdPersonBP/Models/Swat/Animation/walk_left_inPlace.walk_left_inPlace) using current/default (AnimCompress_BitwiseCompressOnly_0) bFirstRecompressUsingCurrentOrDefault(1) bTryAlternateCompressor(0) IsCompressedDataValid(0)
[2020.02.06-17.10.41:994][201]LogAnimationCompression: Building Anim DDC data for AnimSequence /Game/ThirdPersonBP/Models/Swat/Animation/run_right_inPlace.run_right_inPlace
[2020.02.06-17.10.41:994][201]LogAnimationCompression: Recompressing (AnimSequence /Game/ThirdPersonBP/Models/Swat/Animation/run_right_inPlace.run_right_inPlace) using current/default (AnimCompress_BitwiseCompressOnly_0) bFirstRecompressUsingCurrentOrDefault(1) bTryAlternateCompressor(0) IsCompressedDataValid(0)
[2020.02.06-17.10.42:011][201]LogAnimationCompression: Building Anim DDC data for AnimSequence /Game/ThirdPersonBP/Models/Swat/Animation/walk_forward_inPlace.walk_forward_inPlace
[2020.02.06-17.10.42:012][201]LogAnimationCompression: Recompressing (AnimSequence /Game/ThirdPersonBP/Models/Swat/Animation/walk_forward_inPlace.walk_forward_inPlace) using current/default (AnimCompress_BitwiseCompressOnly_0) bFirstRecompressUsingCurrentOrDefault(1) bTryAlternateCompressor(0) IsCompressedDataValid(0)
[2020.02.06-17.10.42:012][201]LogAnimationCompression: Building Anim DDC data for AnimSequence /Game/ThirdPersonBP/Models/Swat/Animation/walk_backward_inPlace.walk_backward_inPlace
[2020.02.06-17.10.42:012][201]LogAnimationCompression: Recompressing (AnimSequence /Game/ThirdPersonBP/Models/Swat/Animation/walk_backward_inPlace.walk_backward_inPlace) using current/default (AnimCompress_BitwiseCompressOnly_0) bFirstRecompressUsingCurrentOrDefault(1) bTryAlternateCompressor(0) IsCompressedDataValid(0)
[2020.02.06-17.10.42:129][201]LogSlate: Took 0.014226 seconds to synchronously load lazily loaded font '../../../Engine/Content/Slate/Fonts/Roboto-Light.ttf' (167K)
[2020.02.06-17.10.42:182][201]LogAssetEditorManager: Opening Asset editor for AnimBlueprint /Game/ThirdPersonBP/Models/Swat/Mesh/SWATAnim_BP.SWATAnim_BP
[2020.02.06-17.10.42:733][201]LogContentBrowser: Native class hierarchy updated for 'SkeletonEditor' in 0.0005 seconds. Added 1 classes and 2 folders.
[2020.02.06-17.10.43:669][201]LogActorComponent: RegisterComponentWithWorld: (/Engine/Transient.World_3:PersistentLevel.AnimationEditorPreviewActor_0.DebugSkelMeshComponent_0) Already registered. Aborting.
[2020.02.06-17.10.43:797][201]LogContentBrowser: Native class hierarchy updated for 'PinnedCommandList' in 0.0005 seconds. Added 1 classes and 0 folders.
[2020.02.06-17.10.45:958][201]LogContentBrowser: Native class hierarchy updated for 'BlueprintGraph' in 0.0007 seconds. Added 121 classes and 0 folders.
[2020.02.06-17.10.49:188][201]LogSkeletalMesh: USkeletalMeshComponent::InitArticulated : Bodies already created (/Engine/Transient.World_3:PersistentLevel.AnimationEditorPreviewActor_0.DebugSkelMeshComponent_0) - call TermArticulated first.
[2020.02.06-17.10.51:978][201]LogSlate: Took 0.031935 seconds to synchronously load lazily loaded font '../../../Engine/Content/Slate/Fonts/Roboto-BoldCondensed.ttf' (158K)
[2020.02.06-17.10.56:561][307]LogSlate: Took 0.016863 seconds to synchronously load lazily loaded font '../../../Engine/Content/Slate/Fonts/Roboto-Italic.ttf' (157K)
[2020.02.06-17.13.08:604][198]LogSavePackage: Moving '../../../../../../Users/Alumno/Desktop/Nueva carpeta/FPS_DeniseCantos_2C/FPS_DeniseCantos_2C/Saved/SWATAnim_BPE93B10E94F6F508791717ABE701613E9.tmp' to '../../../../../../Users/Alumno/Desktop/Nueva carpeta/FPS_DeniseCantos_2C/FPS_DeniseCantos_2C/Content/ThirdPersonBP/Models/Swat/Mesh/SWATAnim_BP.uasset'
[2020.02.06-17.22.37:754][862]LogUObjectHash: Compacting FUObjectHashTables data took   3.80ms
[2020.02.06-17.22.37:754][862]LogFileHelpers: Editor autosave (incl. sublevels) for '/Game/ThirdPersonBP/Maps/ThirdPersonExampleMap' took 0.040
[2020.02.06-17.22.37:768][862]OBJ SavePackage: Generating thumbnails for [1] asset(s) in package [/Game/ThirdPersonBP/Models/Swat/Mesh/SWATAnim_BP] ([1] browsable assets)...
[2020.02.06-17.22.37:790][862]OBJ SavePackage:     Rendered thumbnail for [AnimBlueprint /Game/ThirdPersonBP/Models/Swat/Mesh/SWATAnim_BP.SWATAnim_BP]
[2020.02.06-17.22.37:790][862]OBJ SavePackage: Finished generating thumbnails for package [/Game/ThirdPersonBP/Models/Swat/Mesh/SWATAnim_BP]
[2020.02.06-17.22.37:852][862]LogSavePackage: Moving '../../../../../../Users/Alumno/Desktop/Nueva carpeta/FPS_DeniseCantos_2C/FPS_DeniseCantos_2C/Saved/SWATAnim_BP_Auto1B18635204F2AC54F65679EBD21C24AF0.tmp' to '../../../../../../Users/Alumno/Desktop/Nueva carpeta/FPS_DeniseCantos_2C/FPS_DeniseCantos_2C/Saved/Autosaves/Game/ThirdPersonBP/Models/Swat/Mesh/SWATAnim_BP_Auto1.uasset'
[2020.02.06-17.22.37:853][862]LogFileHelpers: Auto-saving content packages took 0.099
[2020.02.06-17.23.25:559][233]BlueprintLog: New page: Compile SWATAnim_BP
[2020.02.06-17.23.26:084][233]LogUObjectHash: Compacting FUObjectHashTables data took   3.28ms
[2020.02.06-17.23.27:117][283]LogSavePackage: Moving '../../../../../../Users/Alumno/Desktop/Nueva carpeta/FPS_DeniseCantos_2C/FPS_DeniseCantos_2C/Saved/SWATAnim_BP72ABFFD94C7B538C3A78A2938E2510B6.tmp' to '../../../../../../Users/Alumno/Desktop/Nueva carpeta/FPS_DeniseCantos_2C/FPS_DeniseCantos_2C/Content/ThirdPersonBP/Models/Swat/Mesh/SWATAnim_BP.uasset'
[2020.02.06-17.23.49:005][314]LogSlate: FSceneViewport::OnFocusLost() reason 0
[2020.02.06-17.25.19:942][636]LogAssetEditorManager: Opening Asset editor for Blueprint /Game/ThirdPersonBP/Blueprints/ThirdPersonCharacter.ThirdPersonCharacter
[2020.02.06-17.25.25:175][822]LogRenderer: Reallocating scene render targets to support 1144x900 Format 10 NumSamples 1 (Frame:1).
[2020.02.06-17.28.53:118][764]LogSlate: FSceneViewport::OnFocusLost() reason 0
[2020.02.06-17.28.53:188][768]Cmd: MODE ROTGRID=0
[2020.02.06-17.29.04:606][276]LogSlate: FSceneViewport::OnFocusLost() reason 2
[2020.02.06-17.29.04:712][276]LogSavePackage: Moving '../../../../../../Users/Alumno/Desktop/Nueva carpeta/FPS_DeniseCantos_2C/FPS_DeniseCantos_2C/Saved/ThirdPersonCharacterB82AB3F64819852FB17EA3BEF724530C.tmp' to '../../../../../../Users/Alumno/Desktop/Nueva carpeta/FPS_DeniseCantos_2C/FPS_DeniseCantos_2C/Content/ThirdPersonBP/Blueprints/ThirdPersonCharacter.uasset'
[2020.02.06-17.29.08:133][514]LogTemp: Repeating last play command: Selected Viewport
[2020.02.06-17.29.08:185][514]LogBlueprintUserMessages: Early PlayInEditor Detection: Level '/Game/ThirdPersonBP/Maps/ThirdPersonExampleMap.ThirdPersonExampleMap:PersistentLevel' has LevelScriptBlueprint '/Game/ThirdPersonBP/Maps/ThirdPersonExampleMap.ThirdPersonExampleMap:PersistentLevel.ThirdPersonExampleMap' with GeneratedClass '/Game/ThirdPersonBP/Maps/ThirdPersonExampleMap.ThirdPersonExampleMap_C' with ClassGeneratedBy '/Game/ThirdPersonBP/Maps/ThirdPersonExampleMap.ThirdPersonExampleMap:PersistentLevel.ThirdPersonExampleMap'
[2020.02.06-17.29.08:199][514]BlueprintLog: New page: Pre-Play auto-recompile
[2020.02.06-17.29.08:212][514]LogPlayLevel: [PlayLevel] Compiling ThirdPersonCharacter before play...
[2020.02.06-17.29.08:524][514]LogUObjectHash: Compacting FUObjectHashTables data took   3.71ms
[2020.02.06-17.29.08:524][514]LogPlayLevel: PlayLevel: Blueprint regeneration took 324 ms (1 blueprints)
[2020.02.06-17.29.08:572][514]PIE: New page: PIE session: ThirdPersonExampleMap (6/2/2020 19:29:08)
[2020.02.06-17.29.08:660][514]LogPlayLevel: Creating play world package: /Game/ThirdPersonBP/Maps/UEDPIE_0_ThirdPersonExampleMap
[2020.02.06-17.29.08:788][514]LogPlayLevel: PIE: StaticDuplicateObject took: (0.127351s)
[2020.02.06-17.29.08:800][514]LogAIModule: Creating AISystem for world ThirdPersonExampleMap
[2020.02.06-17.29.08:810][514]LogPlayLevel: PIE: World Init took: (0.021605s)
[2020.02.06-17.29.08:810][514]LogPlayLevel: PIE: Created PIE world by copying editor world from /Game/ThirdPersonBP/Maps/ThirdPersonExampleMap.ThirdPersonExampleMap to /Game/ThirdPersonBP/Maps/UEDPIE_0_ThirdPersonExampleMap.ThirdPersonExampleMap (0.150010s)
[2020.02.06-17.29.08:841][514]LogUObjectHash: Compacting FUObjectHashTables data took   1.86ms
[2020.02.06-17.29.08:878][514]LogInit: XAudio2 using 'Realtek Digital Output (Realtek High Definition Audio)' : 2 channels at 48 kHz using 16 bits per sample (channel mask 0x3)
[2020.02.06-17.29.08:892][514]LogInit: FAudioDevice initialized.
[2020.02.06-17.29.09:225][514]LogLoad: Game class is 'ThirdPersonGameMode_C'
[2020.02.06-17.29.09:251][514]LogWorld: Bringing World /Game/ThirdPersonBP/Maps/UEDPIE_0_ThirdPersonExampleMap.ThirdPersonExampleMap up for play (max tick rate 0) at 2020.02.06-18.29.09
[2020.02.06-17.29.09:276][514]LogWorld: Bringing up level for play took: 0.049683
[2020.02.06-17.29.09:455][514]LogBlueprintActionDatabase: Requesting refresh due to module change: Voice (loaded)
[2020.02.06-17.29.09:486][514]LogBlueprintActionDatabase: Requesting refresh due to module change: MovieSceneCapture (loaded)
[2020.02.06-17.29.09:487][514]LogContentBrowser: Native class hierarchy updated for 'MovieSceneCapture' in 0.0005 seconds. Added 20 classes and 0 folders.
[2020.02.06-17.29.09:539][514]PIE: Play in editor start time for /Game/ThirdPersonBP/Maps/UEDPIE_0_ThirdPersonExampleMap 1,339
[2020.02.06-17.29.09:539][514]LogBlueprintUserMessages: Late PlayInEditor Detection: Level '/Game/ThirdPersonBP/Maps/ThirdPersonExampleMap.ThirdPersonExampleMap:PersistentLevel' has LevelScriptBlueprint '/Game/ThirdPersonBP/Maps/ThirdPersonExampleMap.ThirdPersonExampleMap:PersistentLevel.ThirdPersonExampleMap' with GeneratedClass '/Game/ThirdPersonBP/Maps/ThirdPersonExampleMap.ThirdPersonExampleMap_C' with ClassGeneratedBy '/Game/ThirdPersonBP/Maps/ThirdPersonExampleMap.ThirdPersonExampleMap:PersistentLevel.ThirdPersonExampleMap'
[2020.02.06-17.29.16:765][147]LogBlueprintUserMessages: Early EndPlayMap Detection: Level '/Game/ThirdPersonBP/Maps/ThirdPersonExampleMap.ThirdPersonExampleMap:PersistentLevel' has LevelScriptBlueprint '/Game/ThirdPersonBP/Maps/ThirdPersonExampleMap.ThirdPersonExampleMap:PersistentLevel.ThirdPersonExampleMap' with GeneratedClass '/Game/ThirdPersonBP/Maps/ThirdPersonExampleMap.ThirdPersonExampleMap_C' with ClassGeneratedBy '/Game/ThirdPersonBP/Maps/ThirdPersonExampleMap.ThirdPersonExampleMap:PersistentLevel.ThirdPersonExampleMap'
[2020.02.06-17.29.16:802][147]LogSlate: Updating window title bar state: overlay mode, drag disabled, window buttons hidden, title bar hidden
[2020.02.06-17.29.16:878][147]LogPlayLevel: Display: Shutting down PIE online subsystems
[2020.02.06-17.29.16:879][147]LogBlueprintUserMessages: Late EndPlayMap Detection: Level '/Game/ThirdPersonBP/Maps/ThirdPersonExampleMap.ThirdPersonExampleMap:PersistentLevel' has LevelScriptBlueprint '/Game/ThirdPersonBP/Maps/ThirdPersonExampleMap.ThirdPersonExampleMap:PersistentLevel.ThirdPersonExampleMap' with GeneratedClass '/Game/ThirdPersonBP/Maps/ThirdPersonExampleMap.ThirdPersonExampleMap_C' with ClassGeneratedBy '/Game/ThirdPersonBP/Maps/ThirdPersonExampleMap.ThirdPersonExampleMap:PersistentLevel.ThirdPersonExampleMap'
[2020.02.06-17.29.16:986][147]LogSlate: Updating window title bar state: overlay mode, drag disabled, window buttons hidden, title bar hidden
[2020.02.06-17.29.17:073][147]LogUObjectHash: Compacting FUObjectHashTables data took  15.08ms
[2020.02.06-17.29.17:229][148]LogPlayLevel: Display: Destroying online subsystem :Context_11
[2020.02.06-17.29.28:119][ 42]LogEditorViewport: Clicking on Actor (LMB): SkeletalMeshActor (Swat)
[2020.02.06-17.29.29:447][126]Cmd: CAMERA ALIGN ACTIVEVIEWPORTONLY
[2020.02.06-17.29.32:052][318]Cmd: TRANSACTION UNDO
[2020.02.06-17.29.32:052][318]LogEditorTransaction: Undo Move Actors
[2020.02.06-17.29.32:615][318]LogActorComponent: RegisterComponentWithWorld: (/Engine/Transient.World_3:PersistentLevel.AnimationEditorPreviewActor_0.DebugSkelMeshComponent_0) Already registered. Aborting.
[2020.02.06-17.31.56:566][676]LogSlate: FSceneViewport::OnFocusLost() reason 0
[2020.02.06-17.31.59:619][908]LogSlate: FSceneViewport::OnFocusLost() reason 2
[2020.02.06-17.32.00:801][  4]LogSlate: FSceneViewport::OnFocusLost() reason 2
[2020.02.06-17.32.00:998][  4]LogBlueprintActionDatabase: Requesting refresh due to module change: ExternalImagePicker (loaded)
[2020.02.06-17.32.03:934][  4]LogSlate: Only BGRA pngs, bmps or icos are supported in by External Image Picker
[2020.02.06-17.32.46:770][149]LogUObjectHash: Compacting FUObjectHashTables data took   6.00ms
[2020.02.06-17.32.47:095][149]LogSavePackage: Moving '../../../../../../Users/Alumno/Desktop/Nueva carpeta/FPS_DeniseCantos_2C/FPS_DeniseCantos_2C/Saved/ThirdPersonExampleMap_Auto20C0ACBDF484691AF70BEC79E3FEF9E95.tmp' to '../../../../../../Users/Alumno/Desktop/Nueva carpeta/FPS_DeniseCantos_2C/FPS_DeniseCantos_2C/Saved/Autosaves/Game/ThirdPersonBP/Maps/ThirdPersonExampleMap_Auto2.umap'
[2020.02.06-17.32.47:117][149]LogFileHelpers: Editor autosave (incl. sublevels) for '/Game/ThirdPersonBP/Maps/ThirdPersonExampleMap' took 0.446
[2020.02.06-17.32.47:117][149]LogFileHelpers: Editor autosave (incl. sublevels) for all levels took 0.446
[2020.02.06-17.32.50:551][314]LogSlate: FSceneViewport::OnFocusLost() reason 2
[2020.02.06-17.37.43:648][974]LogSlate: Window 'Project Settings' being destroyed
[2020.02.06-17.37.43:664][974]LogSlate: Window 'Project Settings' being destroyed
[2020.02.06-17.37.45:786][ 88]LogSlate: FSceneViewport::OnFocusLost() reason 0
[2020.02.06-17.43.24:109][637]LogUObjectHash: Compacting FUObjectHashTables data took   5.78ms
[2020.02.06-17.43.24:109][637]LogFileHelpers: Editor autosave (incl. sublevels) for '/Game/ThirdPersonBP/Maps/ThirdPersonExampleMap' took 0.122
[2020.02.06-17.43.24:110][637]OBJ SavePackage: Generating thumbnails for [1] asset(s) in package [/Game/ThirdPersonBP/Blueprints/ThirdPersonCharacter] ([1] browsable assets)...
[2020.02.06-17.43.24:129][637]OBJ SavePackage:     Rendered thumbnail for [Blueprint /Game/ThirdPersonBP/Blueprints/ThirdPersonCharacter.ThirdPersonCharacter]
[2020.02.06-17.43.24:129][637]OBJ SavePackage: Finished generating thumbnails for package [/Game/ThirdPersonBP/Blueprints/ThirdPersonCharacter]
[2020.02.06-17.43.24:233][637]LogSavePackage: Moving '../../../../../../Users/Alumno/Desktop/Nueva carpeta/FPS_DeniseCantos_2C/FPS_DeniseCantos_2C/Saved/ThirdPersonCharacter_Auto3E4A298A44E218A21934C70B3C9F0BEC1.tmp' to '../../../../../../Users/Alumno/Desktop/Nueva carpeta/FPS_DeniseCantos_2C/FPS_DeniseCantos_2C/Saved/Autosaves/Game/ThirdPersonBP/Blueprints/ThirdPersonCharacter_Auto3.uasset'
[2020.02.06-17.43.24:247][637]LogFileHelpers: Auto-saving content packages took 0.137
[2020.02.06-17.46.00:264][585]LogSlate: FSceneViewport::OnFocusLost() reason 2
[2020.02.06-17.48.40:392][546]LogSavePackage: Moving '../../../../../../Users/Alumno/Desktop/Nueva carpeta/FPS_DeniseCantos_2C/FPS_DeniseCantos_2C/Saved/ThirdPersonCharacter067530DF4F4245E04712609331E817FB.tmp' to '../../../../../../Users/Alumno/Desktop/Nueva carpeta/FPS_DeniseCantos_2C/FPS_DeniseCantos_2C/Content/ThirdPersonBP/Blueprints/ThirdPersonCharacter.uasset'
[2020.02.06-17.48.41:661][633]LogSlate: FSceneViewport::OnFocusLost() reason 0
[2020.02.06-17.48.43:420][777]LogSlate: FSceneViewport::OnFocusLost() reason 0
[2020.02.06-17.48.43:529][786]LogTemp: Repeating last play command: Selected Viewport
[2020.02.06-17.48.43:560][786]LogBlueprintUserMessages: Early PlayInEditor Detection: Level '/Game/ThirdPersonBP/Maps/ThirdPersonExampleMap.ThirdPersonExampleMap:PersistentLevel' has LevelScriptBlueprint '/Game/ThirdPersonBP/Maps/ThirdPersonExampleMap.ThirdPersonExampleMap:PersistentLevel.ThirdPersonExampleMap' with GeneratedClass '/Game/ThirdPersonBP/Maps/ThirdPersonExampleMap.ThirdPersonExampleMap_C' with ClassGeneratedBy '/Game/ThirdPersonBP/Maps/ThirdPersonExampleMap.ThirdPersonExampleMap:PersistentLevel.ThirdPersonExampleMap'
[2020.02.06-17.48.43:560][786]BlueprintLog: New page: Pre-Play auto-recompile
[2020.02.06-17.48.43:566][786]LogPlayLevel: [PlayLevel] Compiling ThirdPersonCharacter before play...
[2020.02.06-17.48.43:834][786]LogUObjectHash: Compacting FUObjectHashTables data took   4.58ms
[2020.02.06-17.48.43:834][786]LogPlayLevel: PlayLevel: Blueprint regeneration took 273 ms (1 blueprints)
[2020.02.06-17.48.43:834][786]PIE: New page: PIE session: ThirdPersonExampleMap (6/2/2020 19:48:43)
[2020.02.06-17.48.43:834][786]LogPlayLevel: Creating play world package: /Game/ThirdPersonBP/Maps/UEDPIE_0_ThirdPersonExampleMap
[2020.02.06-17.48.43:848][786]LogPlayLevel: PIE: StaticDuplicateObject took: (0.013839s)
[2020.02.06-17.48.43:857][786]LogAIModule: Creating AISystem for world ThirdPersonExampleMap
[2020.02.06-17.48.43:858][786]LogPlayLevel: PIE: World Init took: (0.009720s)
[2020.02.06-17.48.43:858][786]LogPlayLevel: PIE: Created PIE world by copying editor world from /Game/ThirdPersonBP/Maps/ThirdPersonExampleMap.ThirdPersonExampleMap to /Game/ThirdPersonBP/Maps/UEDPIE_0_ThirdPersonExampleMap.ThirdPersonExampleMap (0.023742s)
[2020.02.06-17.48.43:895][786]LogUObjectHash: Compacting FUObjectHashTables data took   2.31ms
[2020.02.06-17.48.43:901][786]LogInit: XAudio2 using 'Realtek Digital Output (Realtek High Definition Audio)' : 2 channels at 48 kHz using 16 bits per sample (channel mask 0x3)
[2020.02.06-17.48.43:916][786]LogInit: FAudioDevice initialized.
[2020.02.06-17.48.43:959][786]LogLoad: Game class is 'ThirdPersonGameMode_C'
[2020.02.06-17.48.43:962][786]LogWorld: Bringing World /Game/ThirdPersonBP/Maps/UEDPIE_0_ThirdPersonExampleMap.ThirdPersonExampleMap up for play (max tick rate 0) at 2020.02.06-18.48.43
[2020.02.06-17.48.43:962][786]LogWorld: Bringing up level for play took: 0.001998
[2020.02.06-17.48.43:975][786]PIE: Play in editor start time for /Game/ThirdPersonBP/Maps/UEDPIE_0_ThirdPersonExampleMap -0,224
[2020.02.06-17.48.43:975][786]LogBlueprintUserMessages: Late PlayInEditor Detection: Level '/Game/ThirdPersonBP/Maps/ThirdPersonExampleMap.ThirdPersonExampleMap:PersistentLevel' has LevelScriptBlueprint '/Game/ThirdPersonBP/Maps/ThirdPersonExampleMap.ThirdPersonExampleMap:PersistentLevel.ThirdPersonExampleMap' with GeneratedClass '/Game/ThirdPersonBP/Maps/ThirdPersonExampleMap.ThirdPersonExampleMap_C' with ClassGeneratedBy '/Game/ThirdPersonBP/Maps/ThirdPersonExampleMap.ThirdPersonExampleMap:PersistentLevel.ThirdPersonExampleMap'
[2020.02.06-17.48.54:284][793]LogBlueprintUserMessages: Early EndPlayMap Detection: Level '/Game/ThirdPersonBP/Maps/ThirdPersonExampleMap.ThirdPersonExampleMap:PersistentLevel' has LevelScriptBlueprint '/Game/ThirdPersonBP/Maps/ThirdPersonExampleMap.ThirdPersonExampleMap:PersistentLevel.ThirdPersonExampleMap' with GeneratedClass '/Game/ThirdPersonBP/Maps/ThirdPersonExampleMap.ThirdPersonExampleMap_C' with ClassGeneratedBy '/Game/ThirdPersonBP/Maps/ThirdPersonExampleMap.ThirdPersonExampleMap:PersistentLevel.ThirdPersonExampleMap'
[2020.02.06-17.48.54:284][793]LogSlate: Updating window title bar state: overlay mode, drag disabled, window buttons hidden, title bar hidden
[2020.02.06-17.48.54:324][793]LogPlayLevel: Display: Shutting down PIE online subsystems
[2020.02.06-17.48.54:324][793]LogBlueprintUserMessages: Late EndPlayMap Detection: Level '/Game/ThirdPersonBP/Maps/ThirdPersonExampleMap.ThirdPersonExampleMap:PersistentLevel' has LevelScriptBlueprint '/Game/ThirdPersonBP/Maps/ThirdPersonExampleMap.ThirdPersonExampleMap:PersistentLevel.ThirdPersonExampleMap' with GeneratedClass '/Game/ThirdPersonBP/Maps/ThirdPersonExampleMap.ThirdPersonExampleMap_C' with ClassGeneratedBy '/Game/ThirdPersonBP/Maps/ThirdPersonExampleMap.ThirdPersonExampleMap:PersistentLevel.ThirdPersonExampleMap'
[2020.02.06-17.48.54:366][793]LogSlate: Updating window title bar state: overlay mode, drag disabled, window buttons hidden, title bar hidden
[2020.02.06-17.48.54:371][793]LogUObjectHash: Compacting FUObjectHashTables data took   2.85ms
[2020.02.06-17.48.54:398][794]LogPlayLevel: Display: Destroying online subsystem :Context_12
[2020.02.06-17.49.12:851][327]LogSlate: FSceneViewport::OnFocusLost() reason 2
[2020.02.06-17.49.47:298][796]LogEditorTransaction: Undo Move Nodes
[2020.02.06-17.49.47:402][796]LogActorComponent: RegisterComponentWithWorld: (/Engine/Transient.World_3:PersistentLevel.AnimationEditorPreviewActor_0.DebugSkelMeshComponent_0) Already registered. Aborting.
[2020.02.06-17.49.47:519][800]LogEditorTransaction: Undo Paste clipboard contents
[2020.02.06-17.49.47:626][800]LogActorComponent: RegisterComponentWithWorld: (/Engine/Transient.World_3:PersistentLevel.AnimationEditorPreviewActor_0.DebugSkelMeshComponent_0) Already registered. Aborting.
[2020.02.06-17.50.12:749][546]LogUObjectHash: Warning: Ambiguous search, could be K2Node_VariableGet /Game/ThirdPersonBP/Blueprints/ThirdPersonCharacter.ThirdPersonCharacter:EventGraph.K2Node_VariableGet_0 or K2Node_VariableGet /Game/ThirdPersonBP/Blueprints/ThirdPersonCharacter.ThirdPersonCharacter:EventGraph.K2Node_VariableGet_0
[2020.02.06-17.50.12:750][546]LogUObjectHash: Warning: Ambiguous search, could be K2Node_VariableSet /Game/ThirdPersonBP/Blueprints/ThirdPersonCharacter.ThirdPersonCharacter:EventGraph.K2Node_VariableSet_1 or K2Node_VariableSet /Game/ThirdPersonBP/Blueprints/ThirdPersonCharacter.ThirdPersonCharacter:EventGraph.K2Node_VariableSet_1
[2020.02.06-17.50.12:750][546]LogUObjectHash: Warning: Ambiguous search, could be K2Node_VariableSet /Game/ThirdPersonBP/Blueprints/ThirdPersonCharacter.ThirdPersonCharacter:EventGraph.K2Node_VariableSet_0 or K2Node_VariableSet /Game/ThirdPersonBP/Blueprints/ThirdPersonCharacter.ThirdPersonCharacter:EventGraph.K2Node_VariableSet_0
[2020.02.06-17.50.12:751][546]LogUObjectHash: Warning: Ambiguous search, could be K2Node_InputAction /Game/ThirdPersonBP/Blueprints/ThirdPersonCharacter.ThirdPersonCharacter:EventGraph.K2Node_InputAction_0 or K2Node_InputAction /Game/ThirdPersonBP/Blueprints/ThirdPersonCharacter.ThirdPersonCharacter:EventGraph.K2Node_InputAction_0
[2020.02.06-17.50.12:751][546]LogUObjectHash: Warning: Ambiguous search, could be K2Node_InputAction /Game/ThirdPersonBP/Blueprints/ThirdPersonCharacter.ThirdPersonCharacter:EventGraph.K2Node_InputAction_0 or K2Node_InputAction /Game/ThirdPersonBP/Blueprints/ThirdPersonCharacter.ThirdPersonCharacter:EventGraph.K2Node_InputAction_0
[2020.02.06-17.51.00:324][ 32]LogSavePackage: Moving '../../../../../../Users/Alumno/Desktop/Nueva carpeta/FPS_DeniseCantos_2C/FPS_DeniseCantos_2C/Saved/ThirdPersonCharacterD1155E6B46DFC3900EF8E0A9D910C878.tmp' to '../../../../../../Users/Alumno/Desktop/Nueva carpeta/FPS_DeniseCantos_2C/FPS_DeniseCantos_2C/Content/ThirdPersonBP/Blueprints/ThirdPersonCharacter.uasset'
[2020.02.06-17.51.00:686][ 58]LogSlate: FSceneViewport::OnFocusLost() reason 0
[2020.02.06-17.52.23:547][403]LogSavePackage: Moving '../../../../../../Users/Alumno/Desktop/Nueva carpeta/FPS_DeniseCantos_2C/FPS_DeniseCantos_2C/Saved/ThirdPersonCharacterC59157A841523FED9D1464953808A27F.tmp' to '../../../../../../Users/Alumno/Desktop/Nueva carpeta/FPS_DeniseCantos_2C/FPS_DeniseCantos_2C/Content/ThirdPersonBP/Blueprints/ThirdPersonCharacter.uasset'
[2020.02.06-17.52.27:765][710]LogSlate: FSceneViewport::OnFocusLost() reason 0
[2020.02.06-17.52.28:710][774]LogSavePackage: Moving '../../../../../../Users/Alumno/Desktop/Nueva carpeta/FPS_DeniseCantos_2C/FPS_DeniseCantos_2C/Saved/ThirdPersonCharacter53BDD5B74C519CD0FE5276B3576B8070.tmp' to '../../../../../../Users/Alumno/Desktop/Nueva carpeta/FPS_DeniseCantos_2C/FPS_DeniseCantos_2C/Content/ThirdPersonBP/Blueprints/ThirdPersonCharacter.uasset'
[2020.02.06-17.52.41:601][705]LogSlate: FSceneViewport::OnFocusLost() reason 2
[2020.02.06-17.53.15:193][218]LogEditorTransaction: Undo Move Node
[2020.02.06-17.53.15:293][218]LogActorComponent: RegisterComponentWithWorld: (/Engine/Transient.World_3:PersistentLevel.AnimationEditorPreviewActor_0.DebugSkelMeshComponent_0) Already registered. Aborting.
[2020.02.06-17.53.15:565][229]LogEditorTransaction: Undo Change Number Pin Value
[2020.02.06-17.53.15:666][229]LogActorComponent: RegisterComponentWithWorld: (/Engine/Transient.World_3:PersistentLevel.AnimationEditorPreviewActor_0.DebugSkelMeshComponent_0) Already registered. Aborting.
[2020.02.06-17.53.20:178][557]LogEditorTransaction: Redo Change Number Pin Value
[2020.02.06-17.53.20:283][557]LogActorComponent: RegisterComponentWithWorld: (/Engine/Transient.World_3:PersistentLevel.AnimationEditorPreviewActor_0.DebugSkelMeshComponent_0) Already registered. Aborting.
[2020.02.06-17.53.20:550][568]LogEditorTransaction: Redo Move Node
[2020.02.06-17.53.20:655][568]LogActorComponent: RegisterComponentWithWorld: (/Engine/Transient.World_3:PersistentLevel.AnimationEditorPreviewActor_0.DebugSkelMeshComponent_0) Already registered. Aborting.
[2020.02.06-17.56.06:912][904]LogUObjectHash: Compacting FUObjectHashTables data took   4.77ms
[2020.02.06-17.56.07:334][904]LogSavePackage: Moving '../../../../../../Users/Alumno/Desktop/Nueva carpeta/FPS_DeniseCantos_2C/FPS_DeniseCantos_2C/Saved/ThirdPersonExampleMap_Auto443185D094CB2DEFD2436A19DDFCF8AEB.tmp' to '../../../../../../Users/Alumno/Desktop/Nueva carpeta/FPS_DeniseCantos_2C/FPS_DeniseCantos_2C/Saved/Autosaves/Game/ThirdPersonBP/Maps/ThirdPersonExampleMap_Auto4.umap'
[2020.02.06-17.56.07:343][904]LogFileHelpers: Editor autosave (incl. sublevels) for '/Game/ThirdPersonBP/Maps/ThirdPersonExampleMap' took 0.477
[2020.02.06-17.56.07:343][904]LogFileHelpers: Editor autosave (incl. sublevels) for all levels took 0.477
[2020.02.06-17.56.07:345][904]OBJ SavePackage: Generating thumbnails for [1] asset(s) in package [/Game/ThirdPersonBP/Blueprints/ThirdPersonCharacter] ([1] browsable assets)...
[2020.02.06-17.56.07:364][904]OBJ SavePackage:     Rendered thumbnail for [Blueprint /Game/ThirdPersonBP/Blueprints/ThirdPersonCharacter.ThirdPersonCharacter]
[2020.02.06-17.56.07:364][904]OBJ SavePackage: Finished generating thumbnails for package [/Game/ThirdPersonBP/Blueprints/ThirdPersonCharacter]
[2020.02.06-17.56.07:434][904]LogSavePackage: Moving '../../../../../../Users/Alumno/Desktop/Nueva carpeta/FPS_DeniseCantos_2C/FPS_DeniseCantos_2C/Saved/ThirdPersonCharacter_Auto4005181D247238470B60F18A9FE4379AD.tmp' to '../../../../../../Users/Alumno/Desktop/Nueva carpeta/FPS_DeniseCantos_2C/FPS_DeniseCantos_2C/Saved/Autosaves/Game/ThirdPersonBP/Blueprints/ThirdPersonCharacter_Auto4.uasset'
[2020.02.06-17.56.07:435][904]LogFileHelpers: Auto-saving content packages took 0.090
[2020.02.06-17.56.40:584][326]LogSlate: FSceneViewport::OnFocusLost() reason 0
[2020.02.06-17.57.54:480][377]LogSavePackage: Moving '../../../../../../Users/Alumno/Desktop/Nueva carpeta/FPS_DeniseCantos_2C/FPS_DeniseCantos_2C/Saved/ThirdPersonCharacterC35B006B43F6A94DF37CE0B63FA84358.tmp' to '../../../../../../Users/Alumno/Desktop/Nueva carpeta/FPS_DeniseCantos_2C/FPS_DeniseCantos_2C/Content/ThirdPersonBP/Blueprints/ThirdPersonCharacter.uasset'
[2020.02.06-17.57.55:845][476]LogSlate: FSceneViewport::OnFocusLost() reason 0
[2020.02.06-17.57.55:913][481]BlueprintLog: New page: Compile ThirdPersonCharacter
[2020.02.06-17.57.56:143][481]LogUObjectHash: Compacting FUObjectHashTables data took   3.65ms
[2020.02.06-17.57.57:130][541]LogSavePackage: Moving '../../../../../../Users/Alumno/Desktop/Nueva carpeta/FPS_DeniseCantos_2C/FPS_DeniseCantos_2C/Saved/ThirdPersonCharacter1E11545E446140D6E827AA8B4E8A7113.tmp' to '../../../../../../Users/Alumno/Desktop/Nueva carpeta/FPS_DeniseCantos_2C/FPS_DeniseCantos_2C/Content/ThirdPersonBP/Blueprints/ThirdPersonCharacter.uasset'
[2020.02.06-17.57.58:658][653]LogSlate: FSceneViewport::OnFocusLost() reason 0
[2020.02.06-17.57.59:529][727]LogSlate: FSceneViewport::OnFocusLost() reason 0
[2020.02.06-17.57.59:598][733]LogTemp: Repeating last play command: Selected Viewport
[2020.02.06-17.57.59:628][733]LogBlueprintUserMessages: Early PlayInEditor Detection: Level '/Game/ThirdPersonBP/Maps/ThirdPersonExampleMap.ThirdPersonExampleMap:PersistentLevel' has LevelScriptBlueprint '/Game/ThirdPersonBP/Maps/ThirdPersonExampleMap.ThirdPersonExampleMap:PersistentLevel.ThirdPersonExampleMap' with GeneratedClass '/Game/ThirdPersonBP/Maps/ThirdPersonExampleMap.ThirdPersonExampleMap_C' with ClassGeneratedBy '/Game/ThirdPersonBP/Maps/ThirdPersonExampleMap.ThirdPersonExampleMap:PersistentLevel.ThirdPersonExampleMap'
[2020.02.06-17.57.59:628][733]LogPlayLevel: PlayLevel: No blueprints needed recompiling
[2020.02.06-17.57.59:628][733]PIE: New page: PIE session: ThirdPersonExampleMap (6/2/2020 19:57:59)
[2020.02.06-17.57.59:628][733]LogPlayLevel: Creating play world package: /Game/ThirdPersonBP/Maps/UEDPIE_0_ThirdPersonExampleMap
[2020.02.06-17.57.59:642][733]LogPlayLevel: PIE: StaticDuplicateObject took: (0.013814s)
[2020.02.06-17.57.59:642][733]LogAIModule: Creating AISystem for world ThirdPersonExampleMap
[2020.02.06-17.57.59:643][733]LogPlayLevel: PIE: World Init took: (0.000802s)
[2020.02.06-17.57.59:643][733]LogPlayLevel: PIE: Created PIE world by copying editor world from /Game/ThirdPersonBP/Maps/ThirdPersonExampleMap.ThirdPersonExampleMap to /Game/ThirdPersonBP/Maps/UEDPIE_0_ThirdPersonExampleMap.ThirdPersonExampleMap (0.014778s)
[2020.02.06-17.57.59:685][733]LogUObjectHash: Compacting FUObjectHashTables data took   4.15ms
[2020.02.06-17.57.59:691][733]LogInit: XAudio2 using 'Realtek Digital Output (Realtek High Definition Audio)' : 2 channels at 48 kHz using 16 bits per sample (channel mask 0x3)
[2020.02.06-17.57.59:704][733]LogInit: FAudioDevice initialized.
[2020.02.06-17.57.59:733][733]LogLoad: Game class is 'ThirdPersonGameMode_C'
[2020.02.06-17.57.59:736][733]LogWorld: Bringing World /Game/ThirdPersonBP/Maps/UEDPIE_0_ThirdPersonExampleMap.ThirdPersonExampleMap up for play (max tick rate 0) at 2020.02.06-18.57.59
[2020.02.06-17.57.59:736][733]LogWorld: Bringing up level for play took: 0.002447
[2020.02.06-17.57.59:749][733]PIE: Play in editor start time for /Game/ThirdPersonBP/Maps/UEDPIE_0_ThirdPersonExampleMap -0,451
[2020.02.06-17.57.59:749][733]LogBlueprintUserMessages: Late PlayInEditor Detection: Level '/Game/ThirdPersonBP/Maps/ThirdPersonExampleMap.ThirdPersonExampleMap:PersistentLevel' has LevelScriptBlueprint '/Game/ThirdPersonBP/Maps/ThirdPersonExampleMap.ThirdPersonExampleMap:PersistentLevel.ThirdPersonExampleMap' with GeneratedClass '/Game/ThirdPersonBP/Maps/ThirdPersonExampleMap.ThirdPersonExampleMap_C' with ClassGeneratedBy '/Game/ThirdPersonBP/Maps/ThirdPersonExampleMap.ThirdPersonExampleMap:PersistentLevel.ThirdPersonExampleMap'
[2020.02.06-17.58.09:641][711]LogBlueprintUserMessages: Early EndPlayMap Detection: Level '/Game/ThirdPersonBP/Maps/ThirdPersonExampleMap.ThirdPersonExampleMap:PersistentLevel' has LevelScriptBlueprint '/Game/ThirdPersonBP/Maps/ThirdPersonExampleMap.ThirdPersonExampleMap:PersistentLevel.ThirdPersonExampleMap' with GeneratedClass '/Game/ThirdPersonBP/Maps/ThirdPersonExampleMap.ThirdPersonExampleMap_C' with ClassGeneratedBy '/Game/ThirdPersonBP/Maps/ThirdPersonExampleMap.ThirdPersonExampleMap:PersistentLevel.ThirdPersonExampleMap'
[2020.02.06-17.58.09:641][711]LogSlate: Updating window title bar state: overlay mode, drag disabled, window buttons hidden, title bar hidden
[2020.02.06-17.58.09:680][711]LogPlayLevel: Display: Shutting down PIE online subsystems
[2020.02.06-17.58.09:681][711]LogBlueprintUserMessages: Late EndPlayMap Detection: Level '/Game/ThirdPersonBP/Maps/ThirdPersonExampleMap.ThirdPersonExampleMap:PersistentLevel' has LevelScriptBlueprint '/Game/ThirdPersonBP/Maps/ThirdPersonExampleMap.ThirdPersonExampleMap:PersistentLevel.ThirdPersonExampleMap' with GeneratedClass '/Game/ThirdPersonBP/Maps/ThirdPersonExampleMap.ThirdPersonExampleMap_C' with ClassGeneratedBy '/Game/ThirdPersonBP/Maps/ThirdPersonExampleMap.ThirdPersonExampleMap:PersistentLevel.ThirdPersonExampleMap'
[2020.02.06-17.58.09:724][711]LogSlate: Updating window title bar state: overlay mode, drag disabled, window buttons hidden, title bar hidden
[2020.02.06-17.58.09:729][711]LogUObjectHash: Compacting FUObjectHashTables data took   3.15ms
[2020.02.06-17.58.09:760][712]LogPlayLevel: Display: Destroying online subsystem :Context_13
[2020.02.06-17.58.13:490][947]LogSlate: FSceneViewport::OnFocusLost() reason 0
[2020.02.06-17.58.13:658][956]LogUObjectHash: Compacting FUObjectHashTables data took   0.83ms
[2020.02.06-17.58.13:865][956]LogSavePackage: Moving '../../../../../../Users/Alumno/Desktop/Nueva carpeta/FPS_DeniseCantos_2C/FPS_DeniseCantos_2C/Saved/ThirdPersonExampleMap9327D1EA464309416A08559C6806864B.tmp' to '../../../../../../Users/Alumno/Desktop/Nueva carpeta/FPS_DeniseCantos_2C/FPS_DeniseCantos_2C/Content/ThirdPersonBP/Maps/ThirdPersonExampleMap.umap'
[2020.02.06-17.58.14:162][956]LogSavePackage: Moving '../../../../../../Users/Alumno/Desktop/Nueva carpeta/FPS_DeniseCantos_2C/FPS_DeniseCantos_2C/Saved/ThirdPersonExampleMap_BuiltDataAFE673A940733843F0D8D99E0E6D28F4.tmp' to '../../../../../../Users/Alumno/Desktop/Nueva carpeta/FPS_DeniseCantos_2C/FPS_DeniseCantos_2C/Content/ThirdPersonBP/Maps/ThirdPersonExampleMap_BuiltData.uasset'
[2020.02.06-17.58.14:822][  8]LogSlate: FSceneViewport::OnFocusLost() reason 2
[2020.02.06-17.58.16:654][168]LogSlate: FSceneViewport::OnFocusLost() reason 2
[2020.02.06-17.58.16:703][168]LogUObjectHash: Compacting FUObjectHashTables data took   3.56ms
[2020.02.06-17.58.16:916][168]LogSavePackage: Moving '../../../../../../Users/Alumno/Desktop/Nueva carpeta/FPS_DeniseCantos_2C/FPS_DeniseCantos_2C/Saved/ThirdPersonExampleMapB66D23D643E754E290A7B59A17E280FA.tmp' to '../../../../../../Users/Alumno/Desktop/Nueva carpeta/FPS_DeniseCantos_2C/FPS_DeniseCantos_2C/Content/ThirdPersonBP/Maps/ThirdPersonExampleMap.umap'
[2020.02.06-17.58.17:071][168]LogSavePackage: Moving '../../../../../../Users/Alumno/Desktop/Nueva carpeta/FPS_DeniseCantos_2C/FPS_DeniseCantos_2C/Saved/ThirdPersonExampleMap_BuiltDataFA1C6A4247ECD6F12659D28940B5FA12.tmp' to '../../../../../../Users/Alumno/Desktop/Nueva carpeta/FPS_DeniseCantos_2C/FPS_DeniseCantos_2C/Content/ThirdPersonBP/Maps/ThirdPersonExampleMap_BuiltData.uasset'
[2020.02.06-17.58.17:431][198]LogSlate: FSceneViewport::OnFocusLost() reason 2
[2020.02.06-17.58.19:060][337]LogUObjectHash: Compacting FUObjectHashTables data took   2.31ms
[2020.02.06-17.58.43:592][687]LogSlate: FSceneViewport::OnFocusLost() reason 2
[2020.02.06-17.58.45:190][795]LogUObjectHash: Compacting FUObjectHashTables data took   0.94ms
[2020.02.06-17.59.37:655][367]LogSlate: FSceneViewport::OnFocusLost() reason 2
[2020.02.06-17.59.38:600][445]LogUObjectHash: Compacting FUObjectHashTables data took   1.08ms
[2020.02.06-17.59.41:667][694]LogSlate: FSceneViewport::OnFocusLost() reason 0
[2020.02.06-17.59.41:817][704]LogUObjectHash: Compacting FUObjectHashTables data took   0.87ms
[2020.02.06-17.59.42:978][704]LogSlate: Window 'ThirdPersonCharacter' being destroyed
[2020.02.06-17.59.43:057][704]LogSlate: Window 'FPS_DeniseCantos_2C - Unreal Editor' being destroyed
[2020.02.06-17.59.43:101][704]LogWindowsTextInputMethodSystem: Display: IME system now deactivated.
[2020.02.06-17.59.43:334][705]Cmd: QUIT_EDITOR
[2020.02.06-17.59.44:560][705]LogExit: Preparing to exit.
[2020.02.06-17.59.46:118][705]LogExit: Editor shut down
[2020.02.06-17.59.46:119][705]LogExit: Transaction tracking system shut down
[2020.02.06-17.59.50:466][705]LogExit: Object subsystem successfully closed.
[2020.02.06-17.59.51:199][705]LogShaderCompilers: Display: Shaders left to compile 0
[2020.02.06-17.59.51:442][705]LogD3D11RHI: Shutdown
[2020.02.06-17.59.51:442][705]LogD3D11RHI: CleanupD3DDevice
[2020.02.06-17.59.51:512][705]LogRendererCore: FGlobalReadBuffer::ReleaseRHI
[2020.02.06-17.59.51:513][705]LogRendererCore: FGlobalDynamicReadBuffer::Cleanup()
[2020.02.06-17.59.51:551][705]LogRendererCore: FGlobalReadBuffer::ReleaseRHI
[2020.02.06-17.59.51:551][705]LogRendererCore: FGlobalDynamicReadBuffer::Cleanup()
[2020.02.06-17.59.51:551][705]LogRendererCore: FGlobalReadBuffer::ReleaseRHI
[2020.02.06-17.59.51:551][705]LogRendererCore: FGlobalDynamicReadBuffer::Cleanup()
[2020.02.06-17.59.51:672][705]LogD3D11RHI: ~FD3D11DynamicRHI
